46 8671 91 1105 419 516 2404 1887 982 159 4258 3812 6972 1888 5684 4225 6686 1945 2409 3852 3488 9135 1458 3145 9193 411 5739 7452 1210 4828 1387 7523 4758 660 674 776 1306 924 3587 5959 5738 2848 296 2366 417 2558 781
42 370 336 575 1629 1393 489 3276 873 9288 4212 869 905 878 2639 6485 2099 4880 2725 8053 4515 9969 3721 1123 502 4227 1295 841 5807 2877 8874 6321 1941 4805 6775 9719 8941 6620 5388 2956 1406 7569 746
42 572 300 702 8011 1375 1229 493 1953 1017 3346 682 559 709 2561 2206 3722 1603 5025 7844 2033 6124 4761 3822 7083 8075 8171 5621 2291 4613 582 6457 5194 2037 6540 876 6571 182 6152 6648 430 480 3930
49 1379 339 2175 259 8234 105 2003 7254 2811 500 3094 1366 886 2345 3065 1615 1317 3325 715 1661 4059 2525 1453 3396 6814 242 569 5837 4924 4640 5538 4516 5821 1689 2327 2326 3514 6453 1718 6355 90 184 225 1046 2977 414 459 8845 4415
44 3248 437 779 436 2116 5399 3019 229 6402 561 6295 5445 5799 1070 4393 3320 2028 7911 3117 8922 4641 1014 144 8584 3855 3309 4058 4995 9519 7462 4700 762 6720 6675 3878 955 6281 2902 1923 263 1735 7817 9448 591
44 3729 4818 361 625 266 980 1013 3025 321 515 795 5155 2074 1015 2688 3871 4811 5607 4781 4705 3307 2067 7251 7624 237 4063 3417 3715 4704 6826 4083 7732 1190 5447 3993 884 3734 8978 9521 9900 7931 1560 4608 9763
45 5071 4733 1137 610 1290 593 4731 9948 1035 452 759 6390 2940 2841 2870 2435 4332 1964 4413 2557 9636 2896 4934 88 465 1914 4689 4532 3771 4268 8696 2976 1529 5216 1974 8710 9717 2051 6610 1436 279 332 404 2369 5550
45 5186 63 1117 1886 714 64 1775 481 914 661 9987 4465 5244 3121 9366 1508 1111 4489 4851 4754 4548 7775 5156 1403 7266 8021 6046 1316 3886 4891 9121 1700 5087 4677 8605 4190 833 7116 129 9478 3543 2442 1257 2223 2282
45 5670 311 524 1441 1219 3869 1003 826 1515 4400 1133 1354 957 1861 3003 3872 1703 5103 2813 8814 4603 7952 4713 1841 1274 2380 135 771 2349 978 2049 1670 1770 650 6643 22 115 2208 2483 7025 4433 4937 381 2737 3267
45 5961 117 338 308 2421 5246 1000 544 609 322 1681 190 2412 2022 6438 1586 4871 7675 3882 3163 3758 2957 76 3152 168 1801 200 349 4877 5847 4645 9548 5365 789 2658 5451 9856 4440 173 7785 288 7053 392 463 8258
48 6119 53 1091 1460 720 4930 8079 401 2974 420 1798 1944 973 2071 2019 4045 5026 2678 1898 1122 8900 1256 3686 3774 1819 92 2196 2581 1132 8251 1623 4985 1719 1848 2510 5050 8542 8343 1622 8911 100 7298 7142 1748 439 3080 7528 5090
44 6755 55 6630 4981 1140 276 277 2891 654 4529 3083 925 1943 2161 6473 2284 4993 3694 4755 8844 3254 1538 7014 2219 24 1079 6320 909 9017 5414 6200 3506 7323 80 386 7522 4721 97 6646 5989 7764 373 7247 1667
41 6896 243 131 359 2013 348 1601 567 6371 2690 4509 1940 6035 2790 2295 2916 3475 2963 340 6383 9996 5409 5444 4235 1924 2747 5789 8720 541 8988 5310 6858 5230 3777 7236 4031 9886 8724 402 8193 9614
44 7329 101 14 413 312 484 1404 6260 7389 2773 549 879 4118 1781 1600 2643 2978 6622 3187 6003 9460 2942 75 3956 3898 3162 4935 3703 5469 5630 6141 9001 739 2075 5851 4269 1237 6766 326 4322 3015 389 8906 1776
44 9435 906 360 249 2128 999 1836 548 250 1019 2969 2638 1129 2014 5376 1624 7051 4994 5438 6406 2634 950 5696 3873 4041 1277 3749 4192 7078 1527 8394 5918 1965 9798 3499 3511 7991 4787 9079 8559 9192 8049 1669 603
45 9615 1360 468 234 1148 1422 3203 2750 8505 713 1368 858 1065 4362 6569 1773 2086 5583 4452 3336 6263 3894 9071 2541 956 469 1451 4964 2779 5933 482 533 638 6462 1792 3206 396 56 494 6039 7542 333 9867 5092 3331
45 0 78 376 1381 213 3339 410 6158 4087 4298 5455 3917 6261 2556 2231 6847 3001 3130 2394 8233 7100 2730 3069 9165 1297 281 1045 6058 840 1385 4473 4032 4795 913 4921 8647 9365 7331 103 9374 8579 409 457 7933 4939
44 1 3545 4476 706 2336 1620 5442 2417 1034 2576 1421 2340 5346 1287 3857 901 7235 7766 1262 2621 2568 2951 9727 2261 5749 8536 5125 7223 2342 8041 6411 668 2360 26 6333 1696 45 5925 3907 274 1223 9246 487 3008
43 2 280 154 1435 244 38 147 1809 2416 1027 8590 775 5426 7694 3479 3744 3353 2904 4016 4539 2712 5599 3231 5480 1839 3649 2200 5288 486 477 6090 8205 738 5698 6898 9050 123 4357 8500 325 7225 9201 510
43 3 2405 732 479 581 5941 2715 2443 343 3897 5300 3849 1177 772 1500 3664 2970 5091 4972 4573 1309 4906 2275 4176 4202 1929 3525 6861 1477 5428 4098 9391 3027 9461 6974 6286 7453 5942 7419 3318 444 8999 519
44 7 11 210 422 504 9155 3060 4326 3224 3273 4672 2272 2007 1692 4078 659 2504 2691 2249 4742 8429 9741 104 187 5079 5726 1099 112 4273 948 4913 6092 5728 2789 1893 2328 7009 178 2610 8276 7937 385 2873 9173
44 9 16 790 209 545 1495 1319 6893 6985 455 778 2035 1033 2064 2214 4181 2885 2240 4602 6108 6316 5781 52 2367 5153 54 2587 4905 3932 8497 7481 9768 4627 9200 1909 4551 7509 6776 2805 1488 613 8132 485 586
43 12 136 1010 990 2213 5193 2133 1371 9175 514 1526 1743 1101 1216 4398 4799 1639 2123 3908 6697 3251 3497 8009 1244 3262 8126 7583 3643 7660 5945 5992 8773 6013 2758 5629 6135 4318 195 8812 331 428 461 5765
46 20 663 138 1048 861 7715 6143 83 291 432 608 1337 1818 1043 2178 1876 2708 2535 7543 5157 3232 8573 8388 69 1846 7779 4564 271 6162 7011 5326 4657 1920 1725 3390 641 5219 2179 2552 139 9204 9096 351 7879 1480 2356
47 6264 421 166 880 1156 356 6066 1211 681 3533 617 5314 1981 1166 573 1662 6401 3895 1270 1197 4051 5773 2892 1673 5337 270 3436 1293 4594 3788 495 295 2148 5970 1867 3583 6891 2494 7110 72 151 971 3018 6352 429 2118 4857
46 9099 390 635 330 424 307 2006 6365 1434 2447 568 1668 791 1745 744 1463 4375 2343 7534 666 1927 3284 8830 4883 35 382 7498 4216 1352 8298 8976 2122 8802 7710 2135 3167 6950 8061 1722 9690 2268 6310 7961 7164 8349 560
43 32 87 517 7725 9189 302 3226 256 4242 1377 647 5192 2081 3119 3585 4076 3034 4351 4179 2372 3565 3638 3379 3912 4033 676 7574 3684 6597 3918 5973 9115 1980 1611 3289 5946 9123 142 4892 7133 317 8665 8957
46 41 5 199 366 176 267 1625 992 1907 1516 1816 535 3834 1483 3214 3228 2604 1090 2709 4876 2162 6294 2076 4455 137 5085 4070 5772 2059 5082 7763 1194 6113 2764 6742 1288 5919 5534 2595 5990 2286 3000 6465 454 509 3393
46 44 116 394 1076 1342 824 6751 5598 542 523 686 4928 5497 1225 1664 4577 5609 4457 4629 3201 718 2770 2260 7046 848 1642 887 756 1464 7129 1007 375 1682 9253 9257 5977 6073 2410 8463 8489 9094 8130 6566 448 3216 3805
44 67 30 640 1245 260 354 342 7756 3131 1606 1063 1347 601 4151 3594 4466 2306 5470 7953 8599 3364 7197 2809 4042 1327 985 3403 1968 6804 7606 512 7745 6381 543 9674 7269 3961 1415 9174 2395 365 440 4101 646
47 85 539 940 9128 9004 1031 4424 503 2082 3028 1537 2865 3041 1972 441 3386 1536 1134 4531 2297 3194 5833 9005 3743 6655 191 7873 4103 773 8274 8674 7692 7539 8564 5272 943 84 5803 7105 3691 186 6749 318 3096 8832 1138 7841
42 89 8107 787 550 4229 2636 8254 8404 3880 5065 2000 1834 4276 3098 2433 5135 5591 6117 4738 3688 3818 3134 3842 1051 1106 6699 8010 1394 4456 5741 766 3784 29 6845 7156 95 2739 223 8329 8097 7796 3537
44 96 128 246 363 694 3838 1631 1810 3452 9967 7154 1676 2242 6233 1164 1685 3887 2274 2315 8287 2670 5261 5474 4403 9208 546 6009 1470 4856 513 1912 6375 4890 9291 3548 2204 7185 148 214 236 315 355 7018 1753
43 134 3164 583 1077 670 5472 7068 2585 7411 3815 3534 2132 464 4274 3082 7297 4248 3159 4931 4568 4015 6300 171 3213 6519 839 2732 4226 5616 2488 1793 1579 5600 870 4195 6285 3698 2944 255 7886 2439 6202 7096
45 696 196 443 426 1030 2478 921 3757 1228 511 282 800 5189 896 3440 3407 6577 8697 5572 5531 5745 4716 23 395 5748 5321 4770 8560 1130 4289 262 8901 6986 5486 5603 7469 3968 7263 153 1504 4110 337 3049 8201 551
44 852 248 269 180 960 774 1546 152 313 1021 4075 577 1828 9663 9307 7093 3741 6048 8102 4963 3616 3045 1195 3246 4698 4839 2105 9887 3924 1645 4812 5215 3504 5506 3326 898 68 606 6806 264 877 388 2263 2486
45 1247 240 595 476 2431 6057 473 1315 683 2979 3210 4714 892 522 3522 3264 3051 3111 8324 5403 2829 5886 6563 1525 126 5944 3602 4126 7778 7477 531 6797 6296 9380 6811 42 7220 51 7396 218 257 1145 5142 3406 7751
44 1248 4017 133 743 3726 1707 2550 959 8425 2042 2652 970 3196 2165 2659 4182 4785 8266 2517 9106 7355 74 2879 991 753 39 372 2121 5871 4382 4855 626 6364 6914 28 8372 6213 9670 6298 304 369 445 1544 998
45 2836 167 9689 993 977 368 505 238 3797 592 736 4943 5132 1825 1487 3581 2611 1726 4679 6994 3632 4816 3146 5357 157 4486 2694 1187 1363 1299 9033 8121 7862 3202 2170 6900 7070 4445 192 2886 310 362 1652 4597 1083
44 3099 8521 1183 1823 73 2760 431 7383 7499 1269 2707 6109 2544 5835 4514 2594 7762 3161 7067 2140 1074 6230 3333 5483 4253 6077 3891 7138 5136 5820 6297 1531 5293 566 9494 7607 7405 177 219 871 7687 446 1005 644
44 3778 863 967 1455 2925 5439 1905 937 9518 4307 4661 1023 3173 3599 4969 1894 8174 5284 2285 3342 8383 3188 934 5418 8507 8293 350 4203 1524 4512 6240 5330 7352 822 9808 7308 2607 204 7460 320 378 451 520 9126
45 4372 15 9040 1170 347 34 5947 6121 2911 3562 18 5880 3714 3434 6228 6883 4479 2777 2454 1790 4992 3835 6450 3128 251 4666 3487 2265 4291 2167 496 5126 2354 2529 9888 33 2374 4861 1446 2062 7366 8914 6880 4768 6329
44 5440 8100 740 527 9829 1291 3366 525 384 2197 412 1960 768 1576 3464 2757 1993 7446 7974 4154 8934 5280 856 946 1644 1131 4970 478 7186 1401 6234 3227 5235 6667 5066 6846 2528 9205 216 7505 7737 2506 475 4428
42 5850 303 353 7813 1411 1193 1006 1081 297 1574 400 1918 2854 6379 2530 7148 2108 6093 2222 4638 3384 2981 8232 3375 1426 4387 4167 4237 4286 5679 6656 664 2571 9281 6647 9788 6698 7305 245 9818 8039 6784
43 6074 8552 6644 2176 1399 2290 3742 4060 415 4889 1609 3067 3002 1339 6385 2803 7210 4205 6064 1445 6277 6731 207 5580 4566 6144 8362 3836 416 6094 649 3527 6841 5753 7121 1275 9041 4155 2986 6199 2004 4275 1588
45 9199 418 189 5840 755 345 1304 699 7319 1567 1608 812 1971 2774 3573 3848 2955 5826 8624 2518 2798 6426 3395 7146 5681 1826 8617 2052 3926 5640 1835 5496 425 1996 6587 8133 2875 8003 6586 197 9184 6369 8544 9600 1840
44 9502 130 335 458 521 816 891 508 9000 4502 783 2958 5685 5568 4919 2173 7554 3677 9724 3394 6897 46 860 3076 2546 5994 6080 241 3974 1785 4256 1708 3234 9704 8529 2184 2243 7668 5658 7127 8499 6801 9479 1344
48 9835 574 193 7479 1054 2980 962 2717 371 4299 472 4831 118 6212 2185 3442 2008 3875 2676 8716 4526 3792 3748 58 4301 231 7378 2948 8224 5296 6494 9051 3560 4825 1727 2031 8798 889 9771 93 9338 2837 7815 344 615 491 4310 3785
47 155 49 141 996 624 2895 145 2039 842 588 1612 4637 5000 2987 3355 9466 9957 3311 2252 8681 7238 5643 3124 867 110 2355 2613 5814 8626 1136 2884 406 4788 8220 5305 7979 969 6025 5902 7212 122 212 7388 6194 7847 7906 4803
44 175 98 7135 435 3183 82 727 2456 162 4287 1478 4797 829 2923 2084 1493 5352 7617 3176 2441 3382 6181 6727 1987 4034 1860 2026 7679 1221 1723 1179 4773 1358 8452 7972 5883 9693 71 2363 9517 4159 8541 8273 653
45 232 194 1114 367 316 102 2919 526 3509 6398 1159 3503 2794 7165 2788 2702 2362 3856 2984 2377 6796 5123 4823 1050 3719 1258 4775 6210 4524 5298 6040 6099 9543 1196 383 1124 8721 9186 8253 220 7592 6615 460 506 1983
47 261 114 247 398 2090 2070 6530 6761 2308 1741 1066 697 1851 2083 1731 2127 6813 1626 2996 5265 4255 7538 4782 3702 113 7200 7896 4862 3647 3672 5524 5175 5632 628 7963 3480 2102 36 1691 48 2637 498 6254 1506 4378 8112 1233
45 346 108 1147 4656 636 357 2011 3490 576 4381 4585 1412 9780 1374 1449 6583 4951 2258 4339 3718 8526 10 3408 4144 2495 17 3604 4660 6214 6012 497 7924 4752 5810 13 6548 7108 5637 5950 1437 294 6055 8256 4836 4822
43 423 31 537 7830 1372 4426 6186 2411 1729 2241 8925 2959 2761 1474 1831 4005 4842 2982 2626 8386 6830 6545 7784 1098 1897 8943 6743 4853 5617 1643 5046 4116 6187 4708 6515 6278 3975 4520 6860 4315 8032 499 834
45 534 926 5502 233 4370 377 3727 983 4196 1934 1632 2857 3546 900 1589 3275 2131 3132 3103 5620 2484 4899 6923 202 8029 2973 4461 5044 3653 1614 4719 2536 1469 3657 1958 1693 6188 2547 1405 226 306 4953 8162 9285 3135
45 630 7902 5207 819 9068 4376 1759 1042 1279 600 9407 2338 1621 907 3469 6931 2710 4209 680 3297 3618 770 1714 3063 2080 4014 8180 6033 4611 9203 6337 1402 9268 1058 6993 158 272 3486 188 8949 287 7947 8719 501 571
45 631 206 132 9855 2578 1199 1447 3062 1355 2470 2058 3021 5443 1198 1425 1473 7030 1153 8767 2934 1472 2822 5104 3710 6311 2526 3335 3474 9420 2292 4590 1332 6293 6051 2172 1011 949 6467 174 9759 285 334 8993 9097 529
46 975 165 427 1345 328 585 466 222 1165 979 3794 2580 228 1326 1949 4360 2030 2509 2727 7954 6373 1919 3673 1547 9213 163 252 161 7943 855 5068 3494 4068 6357 7936 6421 43 7586 289 121 7529 3900 2152 4086 3582 7084
49 1413 107 293 434 4821 2324 2664 1139 7747 3031 1112 3129 2847 1180 2771 1654 1653 7224 4402 7899 4358 2489 849 6899 59 3985 951 691 7513 4547 5233 1071 1558 2972 5335 3242 4911 1896 1978 2527 7178 1382 6031 7261 8669 407 4261 8002 1795
42 1461 47 284 201 2215 580 2104 2817 667 1553 1829 2880 1087 4172 2787 4631 7409 7354 8230 4533 2700 3006 239 4009 4692 3454 6582 3091 4347 6123 3654 6639 5515 7010 4390 94 6817 230 2515 5473 3199 1450
44 1533 449 358 563 2150 637 149 1157 471 397 1511 669 4135 2461 2225 6695 7270 6790 5499 4596 3052 1549 4948 4270 4521 4681 5736 4282 6060 1230 4707 1895 7020 6735 6998 7213 57 125 4146 8012 341 3087 8569 735
44 1610 5798 170 1982 19 5633 3139 3884 643 1568 821 364 4 2985 918 6704 3415 4858 1311 3385 9978 3453 6747 5203 7291 1930 6081 3332 7926 6514 2192 8419 751 21 6595 2230 7346 160 9869 273 329 3883 474 9321
44 1954 7771 1026 1794 1028 2741 838 2111 3261 2649 2073 2586 3435 6163 2766 2850 1512 1877 8403 5716 4668 2281 106 9381 3298 734 3612 211 3127 7181 5893 1241 728 6701 9582 6208 8460 127 205 7395 323 3189 8955 4628
43 2048 227 5003 945 6719 1738 2199 8817 725 1192 9542 2402 2077 1705 2762 3153 2776 8077 5594 7244 6010 7055 930 2392 5978 3589 4667 5585 6016 66 5069 7893 5839 4352 7338 4406 124 8094 7597 530 8958 4178 558
44 2386 3190 760 1583 2686 5148 2198 847 7973 1757 703 835 1040 3491 1711 3437 3377 7706 8787 4323 2720 8909 5239 5308 4335 6551 920 9032 1149 3075 6045 6567 807 8616 6607 7099 86 6076 9803 298 1564 433 462 6164
46 2492 399 651 916 2307 1158 854 758 912 3701 678 2625 2718 1141 899 3765 2542 7727 2468 2207 2998 4581 7827 3334 3760 4170 438 6022 8575 942 8867 1618 538 4915 9035 4927 7007 3940 1185 1747 8135 589 1251 450 1613 5783
43 2499 109 1591 597 851 6436 2155 265 5467 9269 888 2532 553 2849 2906 7130 1658 1975 2632 2540 2228 62 927 5185 5407 4918 6787 8431 4327 9239 6478 9453 2203 716 1301 1325 7708 217 4895 9964 1566 6536 3662
42 2650 3787 923 798 874 1281 3681 1214 9386 4820 2089 6498 2314 1278 2491 7203 4262 5983 8687 9218 9064 4900 5715 1701 8196 1535 1002 507 4669 4859 8408 6324 5874 1843 4511 7713 1118 8096 4621 2068 8370 594
44 3050 9607 1541 1318 2434 2359 1284 408 587 1479 2244 4784 1044 844 2310 1967 4736 2271 3253 3426 2616 994 111 4254 3155 79 5615 5463 3447 5106 8331 8374 8731 3055 5570 7141 3807 181 8294 7172 352 8779 7651 1162
45 3793 120 258 156 737 3692 764 169 150 1231 4442 387 793 403 5754 5353 3578 1075 4094 1830 8366 5960 3634 4687 6767 3429 5329 3669 4210 7579 1528 1049 2060 3100 6245 3178 6114 8520 7252 9706 9758 7604 3768 7793 1750
44 4130 7258 1312 393 1392 6167 290 7431 1059 2024 1038 4026 3296 6393 1072 1811 3476 1789 671 9547 6579 785 4996 1736 769 3611 8218 4267 8532 2130 556 6237 1989 6703 9550 8884 6922 9069 198 7507 3980 453 9373 5468
44 4162 99 1227 2106 3141 4198 2280 997 2477 4396 1572 3404 4200 9954 2784 7283 2912 5247 9072 1476 3904 1224 9968 4186 319 2990 7158 1665 8257 8803 2656 1481 483 40 1687 5667 2233 7458 224 7613 4345 1001 2742 536
45 4495 933 814 1590 292 1634 2476 936 1222 1418 9686 2964 4909 6142 3850 4220 7780 4213 8106 2018 4766 8 4986 1969 374 5757 4419 5198 2247 405 2466 3093 6454 1343 5064 813 5655 3660 7379 3991 8176 8511 7649 8247 2869
44 4622 299 570 1073 2516 2824 221 8363 1482 9681 8288 5333 1203 1357 6789 1948 5968 5223 7000 2863 1064 1784 5078 3963 4342 6037 1475 3841 7677 1889 9002 3467 3552 3530 3564 4956 966 8726 268 327 391 456 5493 1025
44 5034 710 1249 1125 2296 1521 2333 552 9223 642 2194 4872 1466 3949 831 3221 3547 1152 4460 6102 1796 9011 6244 2390 749 208 6629 9698 2429 2887 619 8409 1746 5936 140 8983 305 7199 3207 8804 2666 7024 6909 3081
45 5429 70 470 731 253 61 1635 745 828 4271 1109 4575 3064 1171 1468 2096 6865 2685 5737 8423 8805 2180 958 4987 5231 3225 3755 4966 1459 4620 1501 6590 5114 5549 25 6183 146 6471 9324 4574 309 5109 8084 492 518
46 5986 50 447 1694 5650 37 1873 1396 7066 590 2253 2647 931 6 1563 2157 5256 1095 2752 2419 684 3023 6409 7600 77 7360 655 4771 4610 1294 7967 1086 3500 5227 4218 5626 688 7611 6968 3997 722 283 939 442 490 944
44 6071 4194 143 172 179 3451 1695 895 2277 9132 3821 4522 897 3017 794 2453 2861 2164 5913 3540 4588 2705 3754 6982 7765 9463 254 3631 3303 8477 6251 634 5184 4694 1806 8435 6070 60 183 4411 8620 9845 4474 752
45 6470 65 185 314 2088 8375 2947 203 1555 2554 656 3243 6378 2191 4505 4980 2029 4635 7846 1998 9322 6290 2001 4115 6392 4079 836 3828 3959 2046 5491 554 1467 2672 9059 868 3559 7374 2158 7909 235 9134 8550 1286 7163
43 6492 467 747 215 3556 721 2449 1022 488 4007 915 881 5628 2683 2933 4175 2458 2303 4469 2749 6496 5344 380 7656 8043 2254 5644 5920 286 1733 8936 6641 27 2151 7239 7368 164 5338 3260 1952 6882 1602 3293
47 7278 565 275 1523 1916 894 741 3012 3830 976 633 698 1883 981 1209 2845 1565 3687 3073 9274 3645 6151 3058 3720 7669 119 301 1200 8271 4169 2838 6075 5057 3421 379 2498 5370 5648 2245 81 7970 4279 278 324 2840 4266 1174
