5 303 2079 3202 6 1961
15 1178 64 459 3425 4128 4523 2984 2057 3832 6436 4463 2734 8141 504 910
12 1335 3249 9128 8370 6430 629 3636 7208 7341 4138 181 3517
19 1992 6884 854 5766 1942 3466 2078 1783 4857 1686 186 2506 4148 238 3801 2692 7074 4504 2172
9 3156 1959 6076 523 6865 4006 163 2987 5404
21 3580 394 2523 3972 5212 7808 5064 5143 4121 3776 1237 8475 2646 745 5378 2460 5927 9427 1696 4994 6060
11 4094 7116 4935 4980 3325 6237 3044 3436 9804 1008 2887
11 4679 35 4068 865 8421 2122 384 264 3943 1579 2145
19 4839 482 3566 9561 2910 9022 3648 7440 4489 1409 237 6705 7805 6861 1289 291 1894 479 8925
14 5497 499 52 3454 996 514 9665 1317 3516 9221 8097 7718 7758 5311
9 8890 21 4569 1308 2388 5223 3312 2133 5293
10 9913 57 5695 2107 6987 9436 385 6800 8359 820
14 84 9012 6058 7882 5809 501 8111 134 3175 7839 4418 4971 2255 667
11 1138 7716 26 7939 3916 1070 3676 8919 1419 3716 770
11 563 74 2121 7650 3905 2213 4217 8632 145 5822 1956
11 606 933 1146 62 162 1021 4864 1906 4479 1139 1510
10 1209 3311 3362 106 1504 3645 6863 1525 6604 3341
5 2384 3 3843 7971 3086
14 2949 1724 2511 5507 164 6498 8719 339 1780 6097 2518 3343 1274 1439
20 4059 8573 2132 2919 9156 8444 1967 3052 6413 8748 4219 7498 2484 6733 1765 791 958 1506 2698 9756
12 4377 9556 1994 935 1494 8631 1453 8261 2670 4838 220 1258
16 4379 7512 6741 1206 599 3862 3487 1307 2793 1596 9725 4051 2237 274 2594 611
21 4435 2296 8277 4502 2651 6280 3793 3469 2383 1639 4699 826 1889 801 2420 3363 3706 2966 9189 858 995
21 5018 5615 209 830 9610 4966 5764 2898 8285 3686 4776 2468 586 2561 6225 2405 9715 1292 4459 2929 763
21 5192 5948 6752 2881 6550 4958 3675 6864 1294 4029 3483 2740 6376 1787 2716 1940 7618 3641 5657 4606 973
20 5299 3579 2838 2074 1845 5082 3394 9934 9264 2039 9225 839 1434 167 470 1826 6878 6007 579 4374
22 6783 8434 8823 1222 6580 2072 4819 239 2031 1839 1175 2466 3815 2066 5216 7538 2195 5946 6057 6079 4210 9993
14 6807 1384 7346 93 7176 487 2732 2473 2759 6440 2367 1180 2259 1652
16 6901 3527 3029 6536 415 7569 9015 1914 4159 1896 2854 2081 8958 7966 6530 835
12 7399 3546 1588 1986 6101 4792 8373 8820 8510 6816 5862 1555
19 7429 6200 7685 7535 1364 8063 1132 1907 1154 6253 7935 6459 5648 2201 3597 1847 8151 5302 3324
20 8292 5971 8979 9255 856 8671 7445 4939 8693 8547 3992 518 8258 2150 2743 1759 2394 743 441 748
12 8518 608 419 7174 1023 286 1583 1975 4508 360 796 1213
18 8773 2 5523 9152 4979 1338 3930 5313 1448 1401 5422 6754 1025 2027 3336 2286 5051 869
12 9084 6558 3779 6340 1160 4636 6939 2959 6808 2142 3757 2265
7 88 6420 3468 8486 1584 5603 4469
20 311 92 6279 6909 9284 5172 5941 1532 5219 4044 714 2542 7387 1029 1673 8145 5671 2747 3687 5669
13 677 7372 9485 3220 3364 9817 5442 7579 6251 1065 7856 388 1140
9 700 8792 656 494 9720 1844 170 6295 1055
15 719 39 5306 293 5600 578 356 3078 2705 7607 4226 3529 2277 1149 1691
14 1305 5727 6360 7686 4709 76 4024 5134 6737 8872 1253 308 5075 4321
7 2432 3640 3891 3833 6216 4027 1452
18 2920 720 7934 2578 645 4111 4365 2702 1715 1531 3725 2485 1943 597 9434 3983 3040 5147
22 3253 7114 4455 6836 4705 1884 7595 5001 8326 4493 1870 3919 7608 3467 3479 1656 5725 574 5737 6005 2858 8907
17 3607 19 109 1625 7196 175 1048 6751 285 536 767 3806 2290 8172 2193 651 5883
17 5445 9685 502 665 8035 5782 680 223 8181 3968 785 2137 2043 3062 2423 257 913
6 6252 66 1700 7567 9100 9954
13 7070 7028 6192 6942 5678 7135 4528 108 9961 3715 5806 4401 1120
18 8329 1414 1874 133 9800 6713 8628 6163 1747 4786 7960 1370 8544 434 3217 1166 1400 1478
11 474 3358 28 9584 2849 9587 1969 3240 1141 3671 2993
15 768 7320 3291 402 7812 2017 4880 1707 725 5102 547 1490 2592 8043 464
19 769 4170 3017 753 8737 3789 6078 636 1275 5906 337 771 539 5940 2727 5768 5609 4925 1653
6 1066 6377 50 8841 2549 1190
20 1273 6662 627 3989 6012 4914 1415 4986 2737 6196 4645 2116 2274 3404 7782 189 420 6176 2490 1732
22 1315 5237 530 435 6119 6805 4031 1330 9508 4787 6821 5520 2048 546 4890 3784 1566 2970 3376 2629 3518 1633
18 1515 3049 2791 965 9549 2180 6971 1433 2375 1741 279 6129 184 1665 5846 2608 653 901
15 1543 5120 2352 9138 1220 9171 3583 7344 4942 692 4370 6036 1405 9155 1545
15 1867 3005 9851 2495 5012 2171 230 8237 1255 3682 647 6688 2534 2458 2669
20 2135 1323 5890 439 8155 7263 7048 9513 3009 7668 659 235 8811 5608 201 2962 6088 3690 1744 2090
16 2356 8458 9401 697 2973 4376 2464 3904 2315 2805 6513 3547 884 4025 4380 4325
10 2519 8557 6245 986 9684 9912 9141 4344 4050 1339
8 2571 4693 9412 6202 6903 6222 1271 1817
15 4309 9402 4467 83 5514 2323 1469 3145 158 2842 4222 1517 3853 1760 2755
17 6403 47 8664 4628 1392 6764 3939 5779 1451 701 2761 363 312 1638 4236 2795 758
9 7475 8566 9805 9483 54 6899 2011 1380 2032
21 9393 5748 9680 9712 1745 4206 7873 9054 1598 2431 1163 838 2350 5315 1117 3519 1585 4769 472 6981 4425
15 2735 7129 7585 1830 6305 7477 8956 8831 3278 4204 2033 5166 1979 4235 8047
22 2917 7711 3170 8462 4733 4953 1412 8953 5803 9297 4125 318 1423 1382 3155 1632 4487 9218 4610 1607 2679 446
9 3055 8189 5744 5983 16 4684 1882 5505 532
10 3549 8739 5636 3795 7692 9265 6333 1037 179 7760
7 3869 5402 5387 9459 13 571 480
7 4948 271 3875 8795 7191 3790 2758
7 5440 817 8967 9 8765 4364 706
20 5693 7471 2147 6526 2240 196 7769 3799 1393 6975 1541 4263 1188 2379 1073 1786 7029 3734 443 4393
14 6412 4536 3773 3105 7434 617 5553 87 5805 2733 1234 1927 6210 1542
13 6822 7677 5025 3585 1529 27 7510 198 2344 2028 885 1772 1682
14 7013 2291 1842 177 2903 1167 5951 4999 1059 3452 4288 7136 1624 939
15 7657 2313 3608 37 2632 8646 8027 1571 776 6396 5741 3093 5673 3255 3042
13 7928 166 2782 2442 4485 7456 7609 202 1012 152 5181 3962 4417
18 7965 5500 2056 3721 2184 3785 5579 857 1365 634 917 3777 4514 4551 3995 6577 4753 669
10 8175 5487 7379 147 7066 5472 1796 4566 8273 9824
10 8670 11 929 3953 3948 1063 9812 2707 1703 2007
21 9003 2357 6053 1777 2385 9151 4072 1051 3949 2311 2447 6171 7875 7695 9342 4179 6435 2833 9783 1654 6441
19 9305 8073 3445 921 8644 3783 572 2916 1561 520 3127 3473 1819 2621 8500 9373 6973 3642 8119
12 9514 1651 7975 8146 4245 9846 4249 8150 6857 5503 2602 773
19 9976 7318 5541 8989 8379 4247 9192 1537 3016 6811 2644 827 4259 1727 952 314 6014 2976 2876
18 187 8736 4223 4661 7097 9466 4558 1831 1047 2284 7570 4739 3967 6043 1069 1567 4743 766
19 423 8902 8856 6969 876 1348 1245 9987 7999 2178 4858 350 3509 2517 3171 5170 4267 5935 2326
18 549 7293 6155 950 300 3146 1004 9632 7014 4764 1668 3432 551 9951 650 8867 269 1713
19 568 4635 3632 6402 9836 2731 1387 3271 1629 963 508 9647 4166 6525 1183 2127 1333 8137 2628
20 672 1100 3866 7554 6356 2585 4331 4895 3722 1551 813 4123 2004 844 466 7845 6731 1851 953 966
15 1097 6409 354 6476 7691 3108 4136 4834 3124 1181 8516 9565 373 3674 240
19 1757 5818 3947 2261 9617 7010 2900 5837 7301 7922 3443 5690 2299 3602 2535 1058 4201 4738 923
8 2015 497 775 4854 582 3709 231 1350
19 2465 2233 9544 9869 1729 7916 1475 7366 5569 8173 5382 2558 1179 2800 2071 2860 389 299 2038
15 2720 5213 5034 8832 9705 8042 9537 1480 292 8551 2241 4270 1246 242 3035
23 2883 7088 3951 2957 4207 3807 348 2108 2304 2935 6771 4686 114 2041 3089 6578 404 8117 4797 7026 1435 1526 2488
10 4071 3138 8588 9477 1553 6746 2829 7912 1963 5903
18 4742 9286 2787 7816 6067 4087 4246 4014 4947 1449 2768 1444 3594 344 2437 598 2922 4399
5 6031 513 8882 5441 2625
22 3090 1512 4255 4704 1250 254 2402 3123 8988 290 1516 7222 4299 2229 5681 3352 2980 1296 927 2347 1093 5078
19 3442 7186 6199 3317 9289 704 4141 4167 683 7662 96 4238 6774 6926 915 7378 1648 2342 2269
11 3817 7846 9109 5799 7457 4062 5995 7453 149 5930 1009
11 4494 3354 4411 68 3004 6543 2637 4079 7402 2227 859
20 4601 6159 730 1601 9202 5457 4866 4117 4711 7707 1224 969 3339 3374 9426 347 2569 6614 296 1288
21 5235 1605 2293 5996 7574 9743 1693 3393 4594 2332 3672 9229 2662 531 1854 5925 4856 1712 1074 3535 1705
12 5324 8209 1778 112 1937 2025 3161 192 3192 3327 1614 590
13 5335 2748 9633 1386 7172 9134 8854 4965 9778 6463 195 1225 1247
17 5717 8484 4720 1634 5409 8585 779 3699 4291 1604 924 1857 3437 9368 6103 1413 5067
7 6381 7948 8 3400 4670 393 3048
20 6466 6329 1984 7446 6023 2675 5250 1201 4384 4770 2351 1790 703 7511 8828 3449 3094 9145 3595 4049
7 6706 9985 1240 1565 1067 143 2100
22 6831 7637 5757 3453 2661 9116 7316 1897 5291 5123 686 678 3446 2309 815 2378 6432 4134 2064 1366 4350 7649
10 7109 277 4070 78 3285 4447 2583 4216 4506 994
15 7499 2788 4836 444 9319 6898 6708 4906 2214 819 287 4009 3109 5705 410
22 7956 4511 4349 5539 4593 6248 8182 1355 6722 8539 543 6162 5016 6072 793 2925 3268 7896 3162 5923 6522 750
19 8310 6747 9011 1102 2110 4744 3751 369 7491 2047 5288 5740 3095 6589 2035 1514 2113 2139 2170
16 8708 6189 6110 5189 2112 6784 1257 9433 5464 5045 871 515 1670 7056 1007 432
10 8878 41 8192 73 2827 6968 9241 9808 3059 1446
18 9325 9813 5535 7255 4450 342 249 256 4198 4526 4055 2500 9908 349 4162 3214 5811 1374
22 9707 9495 4228 1349 4328 987 3462 1297 3228 8291 6308 387 9835 3511 3152 4960 9949 2396 5800 855 3098 805
18 713 6745 100 4677 2444 1394 2119 542 3397 261 2945 1617 736 2301 6194 8084 759 840
19 1105 69 7309 4099 3534 5976 6366 3946 3332 3342 1650 7890 1016 294 1398 8386 6317 4251 626
22 1560 7849 9666 7000 5777 475 8485 5566 8401 8134 8188 2498 8438 6262 1416 496 6619 9502 1991 1586 710 3224
14 2695 8020 7428 6327 992 403 8038 6638 1872 5391 3121 6744 265 707
19 3167 7612 4648 4080 3051 5713 4227 3952 1592 1402 9205 3940 2955 2051 3209 426 3379 3628 5254
5 3629 457 3616 9180 2053
20 4078 1227 3758 1908 2982 1441 2187 5699 3802 8407 4957 7361 2713 2580 972 1821 188 2182 3277 9005
21 4090 7638 9702 5437 8799 7513 1791 4043 3328 6856 4903 7550 4389 2757 1631 5947 2474 679 1903 3383 7059
22 4525 8024 1674 5554 4807 4659 6247 8801 7823 3316 4443 3439 544 1151 2168 1600 6841 3683 9248 3019 2258 398
14 5300 3918 3475 5371 178 7858 1749 2995 2013 3280 7427 6423 936 2169
20 5868 5027 7108 5241 8298 5188 3038 2613 3474 889 1368 4155 2489 2699 478 1077 9895 3254 1043 1136
12 5934 6493 6004 3816 3119 3669 4104 9346 176 8863 6573 1602
20 5970 3257 6547 3054 3746 5356 7045 4990 2835 5849 2190 808 695 1463 2906 4391 1548 619 5401 3111
20 6541 4781 4200 9030 7190 4643 7811 1193 2000 938 9832 7101 1432 1807 866 281 1497 6847 4118 5294
22 7861 2738 1734 2657 2216 7211 560 3986 3222 6008 3574 5650 6446 8415 875 9758 5026 721 3001 8455 1909 1115
15 9140 3403 2382 1369 6850 1871 8785 2016 2977 5221 3079 6810 3834 3355 7458
17 9409 6656 5358 2742 9349 46 4804 851 6001 7542 4827 1649 964 1793 3563 1846 438
20 9619 3276 3208 9830 9769 5662 2275 6393 6584 2021 2665 516 2417 814 2991 1068 735 3981 1238 7767
16 6689 2297 10 3233 7236 552 5411 9268 1458 359 8068 2101 289 1092 1938 2363
25 7561 7810 400 6338 2577 7548 4749 2809 4209 7085 1460 877 2640 1688 4590 3761 4550 2994 7158 1391 2149 652 4402 566 1892
10 8640 2642 6818 1319 253 2574 1763 540 756 1699
21 9313 7064 5112 1363 5477 4585 9546 3623 2907 3377 3907 3007 2414 3429 1988 3768 1675 2575 787 932 1426
20 9563 3294 8021 7249 98 9199 2126 897 4002 6122 7967 3135 907 1742 5638 555 5320 5022 1341 8195
13 9752 9090 3024 2605 9450 4544 2802 8968 107 3390 6881 7772 2851
22 2247 3236 1804 5663 8191 3735 2601 7594 4667 3495 4345 154 2560 8692 8248 4313 1678 977 3718 6151 2019 2029
6 6670 3575 2736 4 5676 6766
21 6815 9820 1955 9613 7041 711 8901 9139 5838 6674 6932 3406 1450 7327 3331 1229 236 1287 525 2010 976
10 7463 9845 9511 1046 2412 103 2125 327 8424 3184
18 8731 2436 8574 6711 1755 1422 7900 2729 5593 125 6075 4572 3226 3357 3604 5630 556 1150
20 3307 9974 4910 6220 9538 7342 355 9968 9810 1597 4988 5005 7062 2804 1946 4950 8790 5839 5728 2502
8 3696 81 6165 7847 943 136 2073 818
9 4008 1218 8681 4913 1944 9671 5495 5169 6517
18 4758 7156 6455 8382 9947 4656 7203 8667 8079 405 2228 4584 7635 1094 981 2433 1849 361
8 5769 789 306 12 4731 3356 406 1662
19 6002 2026 9078 3199 8194 649 4224 9790 7278 4884 8314 3782 2587 449 3499 1219 436 944 418
23 6263 3826 7357 4109 6473 7092 2930 4938 4767 3925 7894 4685 9136 4060 3299 4033 2416 3506 4110 3554 4763 298 7519
12 8477 6786 8351 6141 6132 1282 2477 1078 397 905 3389 641
18 8950 3596 1121 6922 982 5426 7843 1424 5243 6977 5701 1539 1714 1814 3868 197 1488 764
13 9847 1170 8449 8309 2036 6537 1521 7080 527 3117 510 2901 2528
19 6277 3651 5517 6645 896 3921 5465 5417 9263 6567 116 2146 2532 861 5345 1544 4067 2683 4936
6 8703 9920 2783 5091 124 3014
13 375 6529 5710 3066 2663 5866 2260 2648 724 3159 4970 305 5071
7 6198 4260 9267 802 1685 9952 5982
15 5860 902 5771 1503 922 8973 7103 1922 132 959 4265 4261 3837 3956 4446
22 9888 2975 168 1723 7246 7558 2393 1980 3340 6066 3550 3498 2160 3045 2687 8164 4809 1358 3150 8946 6482 828
12 519 8149 7704 5746 442 4115 9273 2415 4772 5394 9043 9868
11 6663 4164 1111 6809 9505 9838 6989 8212 6387 5116 978
11 1135 17 358 2810 517 3306 4754 4422 1859 488 630
19 7913 376 6956 674 9226 4924 5658 1493 6179 2104 9593 7883 8388 1832 1303 755 5142 685 9931
15 7957 4475 8848 3381 42 5530 1679 1850 1954 4254 9562 2870 1661 5774 1367
20 3444 7140 1251 3200 3542 7874 4664 9238 2470 2164 612 6777 8039 1657 486 8846 4434 3031 1085 3792
6 3654 1 8750 174 142 2554
7 2061 7687 8892 7444 80 4340 5478
21 4855 8586 4815 6316 4285 2781 5861 5679 6161 682 2084 7231 930 1243 414 2317 5385 6015 2094 2197 2202
13 6115 8489 3910 1997 3112 1613 7234 4696 9640 1785 182 1164 797
17 8758 119 8187 1232 6491 6379 6367 396 1340 4623 505 2766 931 9295 3348 5938 2448
15 273 873 194 6601 5632 5042 2232 7871 4322 5191 2282 7027 1044 2693 980
13 7040 3196 1186 3366 1862 9992 6474 5262 4784 8268 1314 7990 452
23 6916 9473 6068 212 6739 7364 1644 3181 4944 5054 6858 847 215 309 2674 7777 3195 1361 4943 329 2821 2030 5760
18 55 8587 8055 4624 208 3482 7903 7525 5689 991 2093 1485 8668 1916 1214 416 3256 2070
5 1776 8227 0 5024 2487
15 1833 567 8435 4794 718 7994 5087 1110 8767 6873 412 6556 1075 4912 1626
15 5086 7082 6003 1430 799 1248 3537 6897 3650 334 5164 5770 654 7642 1356
13 541 9166 5562 90 104 5708 1941 1666 829 324 1623 4578 7589
8 4637 8254 9182 9035 4969 1324 5684 2660
23 8962 7287 3430 9104 4602 8367 2543 5998 2799 7148 9026 485 5715 4336 4503 984 9911 1971 1925 4570 3244 1865 2373
12 5885 658 8715 615 2999 9276 6582 8827 1834 4561 1371 7433
20 9679 7398 3976 4507 225 990 6218 5794 8591 7724 4718 1827 6904 2808 1806 2050 738 5233 1249 3745
11 7929 5743 1002 97 9072 1647 2765 2756 2859 6511 218
20 3855 8932 5829 3885 4139 4872 4300 5256 7266 2857 596 1233 1690 2841 1039 3194 2003 2624 262 8311
15 3578 85 2969 7701 3970 3261 946 2510 1184 4791 1618 637 1890 1974 6477
6 9449 206 881 4532 9160 8563
9 24 5006 4863 7253 1143 77 1162 2514 6960
12 3371 2589 8978 5712 1215 1211 3798 9219 1513 2771 3416 3827
22 117 7889 4575 5920 3435 2867 3851 6921 3292 4258 4878 3915 1017 3678 503 810 4498 6105 8997 3447 2847 1858
17 4618 8224 9464 2954 7381 624 4314 130 7982 2068 3680 999 2807 1155 6555 3387 1086
9 372 7553 5377 7438 691 9729 7647 1431 2212
22 4307 1838 6658 8203 655 9819 5557 5289 9106 6128 9658 1509 4101 2052 3191 3353 3058 1231 2083 1983 1147 465
15 7401 2422 1223 5888 2696 1738 8023 9270 5366 887 2419 1388 2527 5905 1022
22 6695 150 7787 9761 7693 8072 7645 6833 8296 3573 1266 3842 1203 2124 2744 9028 1482 8608 5389 2120 8417 548
11 9523 1637 8713 4630 8653 8642 1062 2082 458 7143 5968
20 2869 1530 4673 951 7019 4347 280 7666 3338 3470 4276 8233 588 429 3800 752 7518 7416 731 1403
13 4150 3176 2649 823 8243 2548 9321 5238 1050 8542 3805 3881 8422
17 1005 8965 34 6940 4497 4360 1417 5993 5129 1049 5209 1133 9086 2218 6992 5118 8885
13 961 9320 6450 9654 6652 3775 8028 916 7633 3141 2407 1061 390
17 920 9595 8328 4048 122 639 5548 9821 880 1171 3634 7652 804 6035 2469 2666 1809
19 1978 1113 6206 210 6639 9981 4689 3065 6268 3210 2947 1853 2365 1125 3481 974 937 2219 702
8 4894 1689 128 1399 56 5215 675 7053
10 9550 159 601 2397 9574 2777 5827 1053 5483 2430
18 222 1276 9815 3732 9645 550 3754 2281 2762 4587 2874 1945 2075 1283 4668 559 9323 4599
21 4058 9733 1593 7792 5516 6173 843 8609 3772 1496 250 3704 3006 2065 1124 7213 3144 834 783 9818 1813
14 9675 8262 6924 3092 5686 169 9044 135 5526 2503 1877 1581 2349 535
19 9799 7117 3068 9254 9751 7555 5201 9681 9114 3083 5674 894 3215 8977 3102 2647 898 4751 1089
6 1664 3334 1835 2453 9186 89
12 297 7230 1697 6710 1381 227 8759 2654 2943 9590 4165 784
12 583 7864 4706 5954 3036 7448 6587 7794 8826 9418 148 321
22 8840 2603 2915 3830 2245 6538 1676 1568 1667 8617 3691 4093 1474 367 407 9074 4765 4513 2157 7748 1720 383
18 4143 2681 428 8791 380 5160 5879 947 1455 7682 4549 1932 5534 1789 185 3304 424 4332
20 4346 8274 417 2207 1101 2972 5486 1716 9554 821 4007 9724 8937 803 1754 1442 5257 6959 1158 2724
19 2316 9631 7884 6698 1620 8768 1081 5730 1429 2996 2694 1886 1671 2406 2739 860 2024 605 8226
22 2559 4546 1142 1550 9341 7941 1930 5473 8502 7830 6803 2062 6415 3738 2239 2478 8014 4579 8313 1462 2595 1479
20 7952 3333 7104 245 7465 7323 6729 5405 6562 744 2153 1169 1911 684 822 2643 1820 9438 1156 1823
20 1888 5466 8207 4205 2292 4213 2989 3765 9167 399 6824 5260 5261 2434 5061 6823 8240 4149 1161 1035
7 1040 1194 975 7193 553 6190 2862
14 7119 666 141 2525 2129 524 2778 2884 4533 3392 6962 301 3702 868
10 734 6654 1090 1267 9345 9763 99 1957 1736 9569
19 4214 2538 7768 4020 671 6630 4642 4035 2979 2596 151 1499 4016 2162 3091 4403 778 5876 7467
6 3149 9463 2718 31 471 616
12 8204 8290 565 5069 1256 6426 6519 8193 5444 207 5202 1254
13 157 3601 8346 7690 3729 75 4262 1440 1445 2855 1127 811 1134
13 6321 22 878 2565 2997 9445 2630 2400 1036 2823 4702 2389 6761
20 5598 7993 6304 1527 5182 506 3958 8766 7150 1123 1733 1286 2667 2256 2092 1321 255 1919 3652 1060
19 3988 1852 481 3398 4063 7915 4274 1345 5124 5140 1578 4634 4398 2570 4596 850 1481 4275 690
19 8406 6485 4885 7779 67 6059 2285 7466 3763 5267 8125 3320 3399 5667 4408 2443 1901 2267 1408
13 9283 2942 9691 3129 3193 126 1352 2398 3345 1556 440 592 316
12 7862 1054 3513 6579 949 1587 5158 267 319 5511 6219 1998
16 6961 8158 7355 244 5844 3319 2023 3841 3401 5430 228 8904 4174 1953 3344 664
16 4842 8426 3544 3270 3512 7837 8984 5008 2386 379 1119 4073 4114 4176 6499 325
21 3103 3865 6069 1873 7901 9620 715 5901 688 214 9962 1640 1554 3056 6055 2339 6107 7719 3505 3126 1619
9 3457 2899 5295 2981 310 129 1205 3455 795
9 9216 7575 40 1769 2333 2877 1427 900 8499
21 622 190 6756 8868 3370 9576 2270 4119 365 1681 732 3395 2040 1241 941 2726 2034 3015 6592 9383 3507
9 5406 332 1627 5576 1299 272 7684 204 587
24 3693 6135 4184 9045 2992 7628 7162 2220 382 3867 4423 6375 1310 5610 5139 1719 7852 5249 6204 3151 3998 2752 3099 1038
7 445 7455 1973 193 3225 165 1935
22 2986 5214 4088 6825 1912 6839 8033 3879 1746 3893 4359 8687 1464 2266 5349 3460 2775 593 3520 6266 2638 632
23 29 1883 3160 6208 422 6672 6566 6799 7636 8814 3999 1750 5565 1947 2364 8056 2721 8005 2425 4837 1014 1379 392
16 3471 7546 266 6182 9158 4353 2537 8918 3731 2173 2341 3659 4106 2014 5488 3861
18 8179 6877 4761 3047 6762 3859 3753 6927 7394 657 5168 2918 1762 1096 960 2689 4697 1304
23 3555 7224 956 1491 7876 8378 4888 6757 9382 9475 7077 1913 4830 330 2472 1373 6421 1278 6781 8320 2725 1418 2334
16 1866 8425 2928 5205 2399 9071 7134 1752 3710 9190 5240 433 4682 1996 4397 3088
23 580 6502 8459 5089 5285 507 6172 7422 4821 7757 4232 1840 4289 1761 4107 2700 4431 9094 2391 1116 1262 2864 455
20 3281 9469 8133 633 6098 6571 173 8793 121 1389 5353 7012 4946 6211 5956 3769 5989 2097 8613 3237
6 6456 9487 3414 8876 4195 4796
24 2020 9452 4833 3050 6985 4605 9133 5907 8952 473 6772 997 1965 6719 1034 1533 2811 6588 3423 7803 7032 6789 1454 1137
19 7640 2118 4875 3420 5433 1655 8272 4318 5305 7384 1357 2236 1687 1196 1265 351 7031 4862 1088
19 2576 3148 2780 5602 5601 6893 3839 9038 9397 9328 2501 2359 123 8045 4061 534 4680 3804 1694
17 2912 1773 1869 9696 2338 8555 6657 4937 4843 6574 9023 689 2254 3538 3382 3794 6143
15 8184 241 7334 1981 8981 561 698 1775 5421 5053 9699 3700 7332 1172 2300
17 1353 7210 4665 8614 772 8239 4515 8951 7793 1098 1501 2462 2678 2370 6318 4626 9601
8 4788 8711 161 7043 7296 5163 2921 3560
21 6228 8783 699 892 1010 1580 6392 5263 8806 1710 6451 7663 6102 5909 153 3241 2555 6535 705 2819 792
6 4495 6912 23 18 6158 4324
15 1269 945 6307 9586 6647 1176 1534 5583 1316 1610 3178 4438 1748 2069 1663
22 5424 6849 4194 8464 2217 5193 2141 3524 6983 2348 2745 6862 670 8852 2403 8899 6640 1802 9877 3046 401 6348
10 5341 7180 661 3786 9925 71 2242 3548 1895 1015
21 1735 9347 2963 1995 3840 7232 8615 7576 6120 6437 4698 3748 2861 7949 8679 258 1152 1312 7426 662 1212
14 957 3147 146 1523 1695 115 5966 1753 9802 1728 9204 1354 3265 603
21 4586 3459 7631 4404 6133 8686 9641 8263 4825 326 6475 3750 5194 5231 6866 4616 7734 613 1195 9635 2586
22 3025 3409 2784 4196 7572 2639 6480 9526 6503 742 2279 1508 1505 5528 2452 1606 3165 3677 5322 2550 1701 1306
21 5304 1564 4973 1346 7493 2089 8300 2715 5101 740 5651 8807 9242 6091 2801 1669 6653 7639 631 1987 4277
13 7141 315 8803 3057 9165 5815 8800 9871 2722 3717 3231 1711 492
18 3564 9503 5711 1311 7515 4782 3174 2754 512 6802 4001 1071 891 1103 1291 4015 1318 557
20 1528 7451 9274 248 9735 1511 7984 5892 3433 6602 5958 7417 621 4851 2428 6622 5229 3143 1487 1642
8 6952 9046 6457 8774 4153 3539 59 4269
20 8342 1492 3067 8198 7580 8915 9429 3531 1104 6255 9209 2846 1466 5929 2526 4482 509 2199 4102 1284
7 3030 1860 6804 8088 58 9269 807
15 5161 6404 1177 2686 4355 7078 6138 4396 6730 1920 4250 687 1122 1028 2709
20 5716 3245 2106 4848 6125 4017 5967 2206 1041 4266 4105 9928 357 9233 2268 3247 940 205 1295 322
6 5649 91 3685 8682 7122 226
11 3743 5572 3821 3966 832 8652 7207 8368 2330 5700 1159
20 3692 1489 1313 2167 4021 9481 2885 6512 9779 9785 7286 5872 3116 620 988 469 4019 3002 1643 1646
10 6039 137 370 9774 1033 2712 1885 2328 4559 229
11 2008 8029 4112 4011 51 2186 3653 5429 1383 2310 4286
6 5245 3572 3541 2573 86 1410
13 6424 8302 4352 138 1800 1902 2128 2924 6054 3873 2099 562 3626
15 8559 5218 3368 6742 2937 6013 3584 3077 1281 2760 484 3736 340 3661 9914
22 61 1024 9316 8338 8637 7380 4724 2927 2439 1198 2635 2645 3027 2567 604 4132 4357 2895 4541 2730 2905 790
12 7229 1784 2123 6765 7710 708 3230 7139 8604 2825 625 2308
19 8102 1609 5721 378 3418 4147 9657 2515 4690 8855 4930 3232 2037 3293 1782 1362 4611 2136 762
11 1879 5990 2230 7557 6048 9364 7764 9019 111 2872 437
21 8728 9052 8786 6186 761 5853 7245 4113 6062 5957 8610 1891 1072 2102 2404 413 2054 3581 5109 430 1837
19 5381 9405 2335 2904 9557 1910 3770 4907 6642 5184 979 7543 1457 717 6516 2763 570 2226 3388
8 8578 2480 6885 6832 3476 1027 270 5110
12 268 3540 7804 53 2792 6720 1621 642 5388 781 1483 3688
23 3008 9852 5049 5955 6399 377 1771 1031 716 668 3351 1477 1420 3282 4086 3695 3600 1129 4295 1019 7976 1210 925
10 7877 8323 3603 8128 5287 934 7614 2244 4429 2346
14 7799 7435 1630 2690 7442 9497 3203 7075 110 4367 4237 5098 6229 5884
20 8520 726 4867 6293 1109 4293 529 282 4366 2505 4092 2971 9408 9575 345 4182 1144 1841 3627 1285
14 8271 5808 7319 511 6026 6871 4756 2467 7763 5040 7762 4420 263 2659
11 585 5227 5113 9087 4421 7226 8306 82 3959 9201 971
15 7911 9935 6875 6718 4869 7284 127 1743 1112 5986 1270 1329 6046 2298 1202
16 741 9144 8059 8412 4653 8546 928 6738 217 9480 8822 5197 1792 2022 1011 5646
10 6607 1192 14 5772 5131 3070 2631 1395 3010 737
9 6649 5875 5480 49 2894 4945 5458 3787 573
18 6160 3197 5510 7373 1557 8595 5070 575 4045 3489 723 3900 2340 1468 3766 7121 983 1064
12 4882 3424 3426 7464 63 8531 1108 3906 1397 1990 421 1185
21 2941 8548 1326 5628 993 8945 6029 3621 3625 2653 3747 5041 3421 2263 4026 2562 1099 3660 594 6384 1923
19 4687 1438 3263 6842 2140 2797 4940 6597 2319 883 1260 4373 628 8858 3243 3658 4737 2371 3863
8 2774 7325 38 912 4548 1259 4320 757
15 4829 15 1470 4279 2513 5792 5502 3847 8504 882 1818 602 4976 3023 1385
14 113 3384 6879 43 490 7016 848 4543 2672 3486 8756 7095 1128 899
18 8395 1421 6438 7209 7118 6907 3877 2634 1396 2413 9583 806 2222 2369 3074 1572 5683 8726
20 9207 2143 8040 6749 2551 1660 4703 8534 456 2680 1165 2085 2817 6083 3909 3831 1026 3728 1347 729
12 3239 5698 6265 849 3530 320 812 6855 467 5281 224 906
11 9411 8104 2566 5668 9127 2320 3157 7004 6261 816 1880
9 4644 95 3646 6596 5009 1861 155 1461 2939
10 2944 200 2235 9065 8804 5014 852 2248 8560 1000
7 1794 5060 368 118 1702 2541 391
15 6724 7020 6296 3375 908 7120 5021 8324 2231 693 6801 5786 4172 251 8196
10 9670 1372 9768 7927 4657 3190 5279 8229 2710 180
18 8420 2401 780 3778 6677 918 9722 4406 786 4608 9366 6887 2435 4681 3419 6049 411 3504
9 3321 25 7998 1236 581 1268 3248 3305 1808
17 219 6168 9890 8940 6618 9623 6896 1106 5351 9457 782 676 3272 6914 3408 526 1507
5 9901 6735 9927 20 3698
17 6044 6669 8521 3615 6570 5899 7654 2390 1628 2246 1591 468 213 2685 2194 5912 1562
8 9121 5 243 2749 1812 4785 522 4799
23 9581 4537 9559 1500 8236 2673 8062 9370 1518 1199 1045 5675 1145 9027 2303 2438 1934 528 4692 9656 4905 304 914
16 9020 6951 1949 9897 2893 408 6378 2362 2990 1856 2832 919 5283 6374 2481 1216
13 9291 2424 7248 8747 2105 9249 4472 777 5759 4462 1280 1056 955
12 2176 7 8136 6077 450 5796 5869 7469 6334 5687 343 1207
14 6767 9406 3329 2455 2305 7602 8816 7171 2288 101 1279 447 1456 3931
17 8675 1970 2060 9731 7102 352 7770 7282 1459 335 9047 386 609 2372 6233 2623 3021
23 1993 5393 7406 4826 8575 6967 4327 709 1443 7870 970 9335 1428 8403 4565 2381 7354 1351 2985 6732 4212 5551 1226
7 2278 5425 4520 72 1498 2676 1344
13 1563 172 7490 2174 4879 967 2557 1298 427 3551 1751 1293 6934
16 9979 6123 5540 2181 8118 461 6641 4426 3216 841 7179 600 2496 2191 295 2203
18 8509 1013 4084 32 9737 1799 4555 9809 4663 870 6692 4004 564 2189 1337 5595 7068 4823
23 1815 9944 2934 8955 9262 5847 2622 2151 4256 1779 2451 903 1032 2950 8689 7063 6697 2871 1187 3405 4457 5122 1473
11 6633 6740 1200 846 3993 3326 8505 6515 140 3890 1680
9 2327 5991 44 2582 221 2059 7526 1001 5697
13 610 2426 5887 1465 7840 8996 3463 4405 863 5292 589 6531 1114
20 2507 1406 7314 2967 3663 9842 8782 7920 618 3173 1320 989 8524 1197 5151 7853 4229 5316 648 2983
21 4098 7329 8784 381 3477 7988 5208 8413 8616 9330 8672 5605 1239 2471 7106 3260 681 3977 4199 2456 831
12 4066 7198 3188 9628 6523 1189 9478 8830 2159 8843 2042 4329
11 489 409 9164 8529 4130 833 8225 643 694 1810 8824
7 5902 9137 8447 4225 476 79 2627
7 7468 33 1334 323 8623 1822 1495
15 2429 9246 4154 1272 8167 8869 5933 9421 9474 283 288 9857 2812 246 948
10 4984 1030 1221 313 2790 872 139 5831 1641 1962
23 2828 3104 3605 4615 2652 751 2250 9823 9710 183 2076 1767 1781 5038 6429 6303 5917 2192 1467 8714 3872 3335 635
21 6418 5359 6410 9625 8112 9564 1309 353 1264 8099 1328 7169 584 6454 8911 331 6651 4927 7832 5368 2463
14 3667 4387 9306 7430 7494 9394 9031 7065 663 7312 6345 7506 234 1153
19 4056 8157 6984 853 3373 3974 4654 9784 3565 5360 4356 1342 5004 2889 2283 538 3724 1576 749
21 9698 8376 3461 284 7759 2377 6041 867 9950 5451 1502 6357 733 3846 1766 5327 4183 1476 4518 3892 1204
17 6965 1803 65 9376 278 5656 3894 9080 4847 1989 4625 7866 2392 259 1798 3039 962
21 3410 4583 842 3490 5234 4652 1725 8864 2599 3295 8334 260 2688 1182 2546 727 362 4458 3113 6978 746
19 6361 9649 6239 9757 9037 6814 8257 7267 252 6020 1168 754 7921 2572 640 5126 1486 8488 336
4 2418 30 8836 3367
18 6269 2626 5017 6966 8694 4496 6625 4264 5704 8159 824 6478 1520 2708 6797 3707 1926 2620
20 6694 2711 9744 942 6902 2482 3845 5626 9980 545 4801 862 346 4076 3037 2336 9966 366 1570 1636
23 5222 4414 4233 5090 5783 5756 6121 6197 5308 6407 7321 3961 2875 9143 591 2044 7658 595 1148 451 2158 2294 1976
8 2531 2520 498 8071 70 4904 2249 2492
13 5881 4428 7347 105 3072 1828 2948 909 558 1126 911 3719 6124
17 3708 199 8094 4591 5559 1717 500 5097 2063 2161 6998 3561 5073 9014 3932 1698 2968
5 4873 4959 3396 4410 4887
19 1228 3849 3073 448 8176 6946 4981 5043 8009 5031 4539 1770 1130 1964 2655 9197 1824 6760 2615
13 2166 6164 3739 156 3314 8620 3493 2179 5092 6581 6056 890 4483
13 9187 4208 1208 120 1672 8471 569 614 9659 1484 1764 2049 7820
10 554 9191 5307 1079 3901 6548 2614 4317 144 7115
23 8564 5491 9965 9926 9002 5751 5400 9303 9923 6699 3811 2552 5729 4816 4039 4694 809 4190 2446 2001 3234 4390 623
18 6900 6150 533 6024 1864 893 4499 8970 4046 1042 1612 6727 2012 1904 2325 333 879 6226
17 1332 3990 825 3740 8190 1589 2568 425 4248 3938 7958 3701 9247 7273 8906 191 3288
6 7227 36 5251 3944 1390 247
15 6780 9602 9385 2751 8493 3997 2154 1331 3018 6017 6852 8479 3465 371 836
10 3655 6851 3557 4171 2556 2077 5709 3451 774 1855
17 9626 5856 9282 1843 3991 4034 4003 7383 94 7306 577 3183 491 8602 4808 2155 1472
8 8698 2539 9314 1968 7613 131 2593 431
20 5343 8699 1524 9042 3205 4302 3606 2272 5317 4335 4477 1737 1924 5863 985 2545 3106 3670 5494 926
18 8086 2641 328 8440 6575 1721 4832 728 4607 9939 7588 453 2295 276 4632 454 1928 5376
8 2324 2006 9627 6634 6244 1376 160 1052
22 3697 864 3411 3666 9738 2706 4282 8266 6920 6009 800 904 5303 2607 2095 4562 1811 1611 3283 4676 6637 495
8 6913 1635 4717 233 171 4000 1659 5055
16 3168 739 8629 493 5719 6615 5994 7415 6848 886 8025 5702 1217 8788 644 8684
10 6843 3510 4028 3760 60 2005 2719 3920 3684 2509
16 7188 9864 102 8075 2115 8259 1709 3494 3813 4915 1608 7694 9428 341 1683 1131
17 6794 4437 5282 8085 9068 1595 9272 6201 6888 2314 275 521 1538 3118 9841 3744 3638
14 4877 5332 216 232 6116 6593 6980 798 673 1616 2080 1290 3132 4865
12 6139 7648 4666 1263 8506 5380 1692 8214 5187 1235 2177 302
12 1407 874 7243 1863 4713 3133 2355 5386 3251 9859 1436 7061
6 477 5654 364 45 5992 3824
19 696 9996 8448 4481 646 5620 6021 2234 6659 1768 1921 2633 5852 895 6671 576 5625 1095 638
7 8787 2714 9636 607 3622 7931 7110
16 8213 9806 2717 374 3267 2776 2684 1876 1603 1535 2440 3587 2091 1118 1107 7105
20 7709 2512 9543 5816 8445 3122 463 8007 6000 7009 2479 8817 1302 1684 7367 2087 460 3485 3703 1615
12 5858 5369 211 462 7712 338 2395 7829 2497 760 2590 4588
11 3647 1999 3796 4710 765 3075 1797 2965 4991 395 3347
15 1447 2536 2198 8219 1252 3169 2366 2600 3053 4806 5210 537 2205 5810 1018
20 8630 7891 483 2952 660 6484 1774 9789 6563 1471 7474 4798 7260 1519 9825 4621 2789 968 3252 307
