32 333 9543 1925 1364 3656 5113 7724 9806 3992 9937 8992 4656 1858 5399 2754 6827 7241 8656 7971 1534 723 7659 18 2360 7683 4459 8228 7764 7474 3580 6279 2388
40 1179 4960 7545 4057 1704 26 130 4455 5460 7621 930 4015 9350 7981 1609 8040 6697 2062 1988 5281 2900 1952 7290 831 2151 7763 2889 8960 803 9511 438 4711 2816 5089 5710 6774 6659 4608 8736 6327
13 1434 3363 280 5241 256 7929 5516 9967 5945 208 2391 964 4692
41 2446 3236 7047 7918 6294 7120 8733 4249 294 1441 2346 7526 4950 6470 4044 3215 7257 9793 7983 5395 4410 805 5132 9996 5577 9400 6204 5081 3046 1265 6195 97 4142 3115 6477 2199 3447 2732 9924 4961 7746
24 2603 7782 7528 8418 1674 4137 2687 4385 8274 7661 7761 4990 8722 7612 5379 8475 4756 1619 5697 3296 458 7451 5992 6489
51 6599 3016 4804 7708 4507 8717 1422 3050 9629 4567 1203 6128 4089 420 3784 4652 594 8862 7531 9497 8604 8352 2944 4288 5767 2032 7053 7909 2432 8217 4453 9867 4853 1757 3017 2605 9048 9610 4624 8706 9523 5402 1981 5937 5526 6029 2400 6955 1954 7775 6787
22 8033 3353 1507 245 4280 3961 8242 8519 884 5131 244 4513 2861 1432 366 506 3758 6332 3106 1212 1298 7527
15 9670 9714 3235 4766 9139 4181 2058 4722 5433 6393 4758 1797 5142 2909 7234
46 2822 7382 1425 7448 6857 3921 3259 8074 4009 4192 1854 3151 3299 2983 7680 2511 2055 1493 3360 3094 1829 178 6418 1664 7307 5505 9893 2975 5841 9701 4649 3052 3093 129 2377 2117 9657 195 2627 3406 5918 8941 6149 6480 7460 2254
10 2849 4760 2607 6497 8492 7309 6155 3866 1600 5020
28 3883 7901 947 9344 1488 1918 297 3253 6417 3822 4879 2127 1775 988 9305 8962 6911 692 4984 1361 8731 2268 5374 2969 2213 9838 5273 2518
41 5371 8394 8177 4238 9382 4697 9831 1689 3103 7960 8581 6300 9870 8477 1668 3825 9780 7432 2842 6735 6457 6836 7146 1866 8373 6384 1591 46 5807 7303 1782 7445 8647 1978 105 509 3906 145 1697 8631 7559
32 6781 4784 1427 313 6033 2040 6098 5114 1122 8529 9674 1973 9530 3550 8767 7547 727 2002 1982 114 1005 809 7453 2533 7542 205 6881 5621 8768 6656 8696 9895
28 8725 5552 4796 9104 2005 874 2037 7514 505 8041 1684 591 7959 6373 3658 7140 1506 6579 7972 9253 8994 6533 6074 2789 282 503 2155 5453
14 9058 4494 4214 5400 7482 7773 1373 173 2674 7950 9689 7525 3454 8231
45 9145 8709 4397 1818 4694 7944 1904 1420 4630 8904 9442 8013 7131 353 6238 8536 2577 6298 7962 3441 920 1114 903 9525 440 8259 6505 9512 5866 2159 542 3165 1318 826 6040 5615 6833 7810 3734 1022 7801 9152 1653 537 2149
39 187 7427 793 3086 9260 332 9839 4290 4284 2878 1544 6508 1873 8378 7893 1439 5076 6146 299 5331 7578 1190 6087 5047 3768 1200 6536 1153 5085 8648 1716 1181 2571 4384 5667 7934 9555 6647 9307
34 295 6668 5175 5279 8832 9855 1303 3629 6908 7346 895 2006 3677 9323 6104 3231 1845 2473 4686 3915 7814 6196 3538 9318 7799 2065 1594 1266 2942 467 2807 9188 6806 3818
36 306 3581 8207 8678 34 3844 8471 3851 1300 6990 3830 8036 7483 9499 1307 6364 1349 7701 8142 2845 3692 8713 5485 8773 588 1625 9783 742 3964 6923 8359 3613 1311 3706 2926 1279
23 1785 9589 9366 7689 2715 6889 5207 1267 3036 3238 7444 3593 6420 7287 1454 8343 9705 5285 4548 6960 946 3444 6441
46 2600 9460 2971 4415 9816 919 4887 6658 2591 150 2310 2403 4370 7664 8258 8153 5404 8821 8989 7001 6399 305 4167 7515 9047 5484 1351 7210 5617 2460 9237 8397 6034 6880 2621 1501 8427 8838 814 5569 9828 9398 9438 7885 4875 8670
8 3117 7216 9942 5077 9732 5696 3177 7185
18 4172 1035 2135 215 8809 6903 3578 8742 8770 2422 192 2572 9586 9866 4254 5410 2678 3708
40 5260 8543 7529 1139 5895 1597 2633 9708 5166 6341 9078 4341 4110 9634 5904 2590 872 4212 3284 2354 5027 8871 6453 6924 5741 247 1084 6383 4709 3223 293 351 5101 5805 7156 3308 7470 3872 6663 4978
41 5604 2365 6935 5461 5910 5724 9963 1229 9585 7751 9725 3724 1120 363 7610 9815 4687 1606 56 6050 478 524 1426 8856 3564 9638 146 7339 607 3559 5946 1576 5536 575 9723 2670 4135 7978 7996 849 5921
33 5634 4107 8835 2069 6864 4874 9531 9973 5509 9862 2705 8666 2404 5122 4368 4312 4109 4125 8196 9534 6792 5750 829 5625 1324 5145 5872 2079 5599 5702 5173 2819 891
23 6130 8710 9940 2963 4560 3380 6794 5901 6703 5138 7227 6436 1477 5879 4679 569 7188 5573 2173 8827 4719 6691 6870
15 6340 1764 839 5197 8400 7969 9754 4718 7842 1750 5010 1485 4264 3908 8917
18 6440 2038 2652 9157 5245 8781 8003 2195 5658 721 4053 4076 8093 5280 8583 2809 9354 722
44 6885 6578 1186 5237 1700 1776 6876 5867 5323 209 8076 5159 1304 9818 995 3819 9464 7588 2424 2869 3616 3605 8999 3890 2792 4261 4133 8098 935 6645 765 3990 5011 6239 7734 978 79 1115 8776 2915 5021 7655 9481 582
40 7318 5057 6278 6125 1076 6221 1998 2266 9990 3654 5277 6037 9976 84 8734 4100 5072 5540 1221 8996 2327 6725 8429 7479 7325 1284 7497 7250 2503 9433 6799 8802 9025 1227 5398 8024 6542 8932 3748 960
26 7418 4801 3551 8227 4800 1906 3790 3248 5458 1296 329 786 5449 5243 1669 2751 1237 2731 6929 8895 769 9094 2556 5851 2661 8694
5 7678 1788 8205 2554 3501
23 7833 2414 9826 9200 4870 3951 7650 1715 7607 2782 4487 8377 1549 3069 1096 7503 3606 8144 1319 6025 7620 8395 7414
13 8450 4661 8308 1538 9713 5549 8061 8596 120 1106 5284 4184 4901
30 9351 8404 3628 4568 1924 144 5585 9907 515 9276 3820 9426 8684 5708 7095 6468 7565 6391 312 2953 7119 2862 731 3197 7002 2814 6038 9768 5638 6422
24 9738 4764 474 7343 5475 191 5530 1228 2178 1742 9228 6187 160 4000 6560 7354 8520 6704 2834 9164 3719 2532 3530 1596
44 9832 5465 3720 5058 5580 4358 8256 2179 8476 3362 5304 9051 5913 3926 2682 6892 9177 8882 4676 2753 3799 2485 8414 5003 9156 7961 992 3761 7535 7254 3725 8951 6771 7619 6478 787 7521 3274 9422 6161 7123 966 6865 6216
38 42 3972 7979 3005 8872 2147 4104 489 2868 2334 1707 87 3320 2097 7776 6460 3134 858 8601 8490 9196 4727 8703 3178 6243 6116 3133 1447 4468 4490 6136 5907 390 1801 4512 6264 2406 2894
18 691 4794 5721 5545 4899 2543 1703 9331 4403 2025 2250 4061 3649 4702 4532 4954 3349 4714
21 1808 4759 9992 450 1148 170 1059 7749 5656 6825 1018 372 7520 9034 6717 2170 1015 2895 8514 3555 411
21 2098 9211 6347 3027 6250 9385 6407 9033 4084 1293 3847 1414 3854 1299 8154 2281 5502 6256 6609 1564 7928
37 2150 1587 8952 6231 9052 473 3326 2794 7317 7202 7671 6860 2509 6705 7863 4344 1948 1056 6006 7844 7033 958 379 2726 3466 6131 5888 8163 7600 9661 2405 218 103 2143 5551 8964 531
25 2223 5117 504 1055 7065 6274 6559 4446 9093 6800 521 1292 1371 9769 4602 6338 6380 4027 8226 3109 2899 9266 6736 4846 9741
40 2635 5919 3076 6001 8125 6992 8745 9393 5570 1032 4040 5440 4720 778 5441 1144 3464 5265 7102 4340 1047 222 1341 905 4653 763 8048 9775 3864 8252 9813 6086 7094 196 940 9687 8743 5178 8479 697
34 2734 7148 8386 3640 4650 6936 991 7753 39 5852 916 1467 4862 7431 8942 2256 1272 9016 5087 7599 7736 7204 296 5180 441 1254 5261 4517 2385 1615 7371 5361 4690 694
22 2758 2198 5595 810 1037 8875 8833 1448 9241 8368 3573 8718 8553 5748 7105 5070 1899 7645 9218 71 2004 1418
36 3039 6897 3991 5206 9522 3694 1417 1421 6504 2992 6411 6859 9395 3904 3780 9554 7629 4272 360 7387 3434 3721 2818 8345 7792 7019 7868 2927 8637 8516 7856 24 6404 1559 5562 7774
37 3183 5500 3632 1734 2855 4239 9019 422 7625 171 5525 35 2838 6752 3934 4348 1326 6847 4032 7377 5803 6728 6137 5093 2671 9673 3599 4051 4645 5393 7510 7624 1116 4554 725 9468 6355
40 3249 1387 7569 6778 4909 4 9751 7485 1165 8006 7598 2409 9619 5168 5425 7709 1419 881 2656 5428 2886 599 7373 104 1987 1979 8635 9602 9348 7376 7524 4646 9805 8987 7726 9767 578 7841 4594 6090
5 3448 6871 6459 3905 9314
11 3660 8130 8613 2168 5066 2024 4903 216 4350 8920 4205
24 5455 3233 8765 7286 899 1243 3170 3427 9289 230 3229 753 1754 5442 1698 8826 5993 9207 4157 7018 758 5642 7834 1781
39 6056 9321 2351 3630 5185 3932 2860 338 8937 2920 9546 250 1735 3037 9949 1317 5068 6856 4153 9703 8691 3584 5840 8925 3828 9299 5270 8129 633 9659 4191 5385 8984 2208 9230 6349 1949 2356 8126
40 6933 395 2090 9219 2535 4165 9549 4627 7375 8577 4589 565 2243 4431 9979 7076 1524 7007 5600 782 6716 4637 8379 6571 6004 867 7266 9603 699 4733 9074 7154 9642 1385 8487 9971 6235 7315 1993 6202
22 7136 2711 1271 330 736 2252 8063 629 5051 7381 5368 5157 2021 7916 4055 7784 8794 5964 1880 1085 5451 8384
49 7851 7606 551 417 5997 4777 1462 6255 8462 6299 3528 9172 6547 4562 8238 257 4497 301 3310 55 6701 4748 6228 7265 361 9264 6302 1 5212 7635 6775 463 2871 1945 8280 9550 6241 932 6631 9667 4381 6181 5032 9991 788 4345 8307 233 1445
41 8103 1141 3782 1040 4808 9755 2573 3907 5868 5229 8865 7349 2574 2470 848 7304 3336 161 7935 6585 5219 6406 4813 6156 5842 1713 8975 6884 6494 5554 8199 1582 495 1008 1251 5250 8905 8160 2884 3510 1518
6 9141 4922 5952 5005 3122 740
2 9822 8849
7 835 2378 7031 5908 2512 3430 2001
44 1408 7642 4126 7957 3049 8375 320 674 720 1871 3340 7743 6357 8089 636 4379 2017 6721 5015 6741 2837 6438 2714 6807 1632 2488 7285 774 7403 7 1663 4242 8922 7480 4510 121 2505 2501 7246 8374 8774 3472 6135 2994
2 1711 2996
37 6096 8346 352 9584 2557 4937 2679 9451 4031 1082 3742 7466 9993 5249 2852 710 9824 2800 7859 9453 4883 9749 9614 7797 7669 8014 3994 9637 8747 7457 8197 4820 3148 4461 3868 1315 7364
40 1959 1577 7639 7984 1021 2205 8890 7442 7790 1236 2301 8365 4642 5760 943 4527 5514 9545 5083 6953 756 4143 5927 8817 4668 2222 1274 897 4449 7486 8685 4584 8708 2703 65 2616 8270 9650 3870 6576
47 2139 4574 6425 3937 6046 8949 4529 7603 6767 7974 6616 2748 2433 1802 1310 6711 4822 7352 3553 1436 2390 7884 6026 7831 7044 9283 7700 7155 461 1336 3728 6232 1101 1334 1077 2210 2588 1900 3752 4407 7770 882 6397 1027 7854 819 5885
46 2368 4398 7173 479 6211 5883 6779 9055 7896 4315 1777 550 2183 1849 199 2153 5661 4430 6429 6129 2973 3028 1358 6175 5646 5924 9387 471 9647 8186 2131 3255 5630 9746 1696 1072 8888 7501 4155 2376 8555 566 6360 8682 6435 5877
29 2440 1377 612 3416 2833 3199 1936 9959 6696 7615 6565 2727 8321 7064 6199 5676 6259 6109 9950 1108 3351 3930 9679 9894 9748 8298 6830 6843 7887
31 3153 7487 4046 5598 4156 6242 1133 704 9565 2536 9848 9491 9798 619 5397 6210 1867 5291 334 8591 3981 3700 6414 9290 1496 14 1376 8587 842 4475 8331
9 5959 6845 1539 9190 2236 8265 9799 6511 7264
49 7080 3075 5944 9037 7421 3698 9966 5333 3671 8954 5796 5125 9943 2027 685 2788 3487 1189 6171 7082 7312 8038 1553 5152 6433 3897 8599 3043 302 285 2420 1823 7398 4606 1463 118 1687 349 9181 9022 1786 4936 4479 3120 1255 9018 8715 4977 6091
37 8544 9696 159 4880 8042 8912 6989 1168 7237 1091 9411 2369 4148 6968 3927 6353 398 2700 772 9432 6529 1343 6642 2317 6316 9948 5686 9069 262 6059 9535 321 3218 4775 2528 5707 63
14 9151 4852 4703 3625 5772 4025 7597 9254 392 3054 8630 270 2283 6607
2 2234 1472
44 2772 434 3283 9915 8281 7691 2774 7392 3715 2689 8122 3863 4988 6145 1933 7989 6601 673 3941 4276 4139 5731 3574 5287 6946 7410 8113 5179 1356 4041 1155 2655 4362 1112 37 5812 486 9001 8830 448 8574 4526 9643 4915
33 8854 8297 9304 5668 6351 7992 9721 8594 9186 4247 4864 7190 7091 9127 5480 3686 7025 8137 965 2237 9424 9292 7750 3552 4010 355 9473 1729 8301 5143 770 4651 880
30 9581 9446 5041 9075 5220 9547 8982 4740 5154 8313 6120 4086 9846 1164 4491 1384 5544 4283 4613 5120 7583 1834 9934 439 166 5928 5717 1690 7540 3227
39 2921 8057 9591 8592 9933 8829 3150 6869 9917 6672 8892 510 4425 198 4417 1552 66 1927 5487 9471 2307 9928 631 9516 4982 8785 5576 5922 8853 3586 5158 9865 4138 9003 9731 4502 4685 3071 6835
27 2922 6891 5297 6893 6582 2923 832 8963 7167 5956 418 6621 6905 2174 6967 6777 8825 4154 7954 9605 8789 5286 6008 7631 2781 7153 1508
13 3042 2216 4321 3885 6695 2596 3732 4330 1026 8275 2443 7987 7220
10 3190 5939 1348 416 5134 2304 7543 8162 6027 1487
7 3516 8961 4701 1491 4318 9130 9621
47 4114 724 9443 7011 8120 1745 4200 9096 1996 7379 36 6535 4289 4929 8325 4857 1023 5282 7589 2811 3034 1409 4421 9617 5627 4310 6124 2270 9345 5605 122 1090 8030 3739 7905 3374 2282 7601 9633 7738 5650 2041 8070 7424 362 1627 7577
44 4904 4754 6664 9352 1964 7232 678 6016 9329 7359 2797 9415 1602 576 833 4383 1320 5854 9 4779 7924 8168 4750 4610 8480 1941 9626 9920 3428 4208 4920 1699 6101 2784 9881 7644 8749 1937 5586 491 7839 869 4871 3517
41 4967 9492 7335 4957 3114 7347 1368 6218 9149 3388 7135 3379 4818 8189 1934 8332 6291 8489 1052 815 4814 4522 3068 6343 6939 8054 3751 2277 7920 7657 3676 8633 464 9524 5527 5466 3451 1369 7997 5897 9784
10 6198 570 5511 9884 6177 3412 6580 2622 4828 6747
44 6613 5097 6879 9236 6474 4400 5182 4001 81 8012 7513 6419 5406 2624 2280 4945 9664 7370 709 4382 1879 2171 2970 9421 8051 8764 3928 1231 5986 9294 6558 6803 6107 3270 3691 5088 5184 1874 8515 2211 5809 6012 2441 341
6 5266 9890 1365 1907 4677 163
21 5588 8561 3575 8778 7323 6071 3561 3469 9945 1857 857 4008 7923 9476 7090 7951 937 2985 5042 447 5193
36 9053 9340 688 9117 5903 2003 5151 1575 4553 9121 5170 2158 2064 5935 2071 2835 3277 8294 6310 7459 8639 1188 1145 8796 8780 6539 2224 955 4738 8269 3718 8525 2458 9234 3624 1646
2 5876 9488
6 6261 7914 7183 5377 460 9123
40 7320 3496 1210 3275 7016 5348 9599 3556 8517 902 1370 5028 8055 7407 3431 6999 8616 4179 6811 4218 1401 3747 8221 7236 6962 7425 1480 6555 7226 6126 708 1731 5359 9759 1316 3173 2371 5953 5473 7215
39 8172 4671 7742 3680 6280 2642 9745 2950 7748 3802 2722 2558 2078 8623 1402 4667 5874 4045 3944 7099 9852 1156 2839 3244 2974 3900 8181 2102 217 9450 948 2269 8935 5633 4224 951 1991 2215 9607
41 9861 8896 6363 6748 5968 8615 3733 3479 8328 1541 4545 7045 3835 1724 6954 4906 9250 6915 4011 7035 9712 7681 6170 386 4704 1213 9611 549 4206 1605 1843 1658 3712 4979 6248 7435 8353 870 8167 6301 9600
46 493 8447 5984 2418 40 9592 291 4144 8766 784 8417 5925 8620 3821 1897 5293 5687 4201 560 584 92 1929 7973 4448 278 4424 4328 4106 7813 8396 3371 5572 4301 2733 6031 1362 8763 3438 3098 5864 3057 6776 4268 7194 98 4087
42 2586 1312 2330 6482 4535 3396 9150 1985 466 7675 8680 8206 8224 4293 5292 3798 2463 2675 2967 639 5943 5378 4538 9103 1450 370 7070 8662 9271 6831 8863 8998 9631 1443 9342 2626 3988 6573 2444 1001 2565 2288
28 6812 750 8568 7793 3914 9735 9428 8046 62 4799 4229 5407 3364 7345 4869 8558 5200 8446 9185 2617 5006 7171 5978 4240 3013 5651 9726 9911
31 3425 5030 9498 2874 5815 1175 5423 4636 5671 1542 6244 2313 6186 5975 871 1838 2348 4230 9757 2130 9419 6400 5150 1806 1379 4464 2172 1513 8382 8075 8739
34 3592 6319 5608 5632 2145 9515 7723 2677 7361 6099 2238 7240 437 2843 8309 6185 2522 1166 2548 8899 2080 430 863 1755 767 4810 3521 3800 3938 415 9613 8305 5618 8619
27 7643 5112 8327 5226 2401 221 2375 6036 7768 1167 6750 2176 4792 7484 9482 9821 4952 7990 3303 8864 9902 210 6439 6930 8370 4054 241
10 389 7256 8530 8277 1283 2154 9394 9362 9660 5235
5 7245 5837 8366 4951 8261
45 1134 3968 8143 4327 3612 1631 5210 7719 4550 7163 5434 4396 7815 648 4028 9187 9280 1847 9672 1662 3786 369 1736 3895 7591 444 759 5920 7504 9843 3413 2579 50 5380 3948 8522 7396 2712 9765 8986 5591 6564 1235 2504 3595
34 4115 4662 5149 5213 3090 311 8211 1074 5311 3507 2685 3879 7623 557 1706 5971 3939 2419 9624 481 5733 4357 179 5111 6605 9265 5753 4342 2392 1277 8527 4798 1333 5593
30 3060 377 5613 2241 5917 3385 8464 4050 1961 4252 4313 365 3647 5969 9083 4972 9137 8091 5339 3572 3154 7602 6943 6169 3207 4890 9786 2267 7947 470
37 8980 9213 7574 888 2961 111 2646 718 9012 9964 1405 9618 8390 1223 3063 4365 214 9794 7898 1495 985 755 3007 7041 776 2180 7827 9503 2796 9020 9962 426 8893 3522 9782 4712 5208
19 9475 526 1752 846 9336 7611 2858 1499 1558 8714 5 9909 9238 4356 1306 4521 5838 6708 7614
19 7277 957 9202 8262 9178 1423 5722 8676 9486 4336 7074 3727 547 2088 2544 2031 836 2134 5065
33 9392 9506 6032 2578 6615 2562 1132 9919 5647 8329 1894 6451 4737 6518 3960 5415 2941 1006 3000 5321 3862 8531 5649 2340 5009 3237 5459 4995 5787 4552 3279 764 7722
15 45 6975 3832 1893 6265 3410 6556 53 1526 7000 2370 2408 9043 6945 5504
9 156 701 7229 5467 8654 3579 8625 8049 2186
40 2995 207 3171 1531 6475 667 2965 4655 5797 6816 33 6369 8911 2142 6331 7765 7419 203 7706 8087 6850 595 6678 9316 2490 9711 155 8748 9176 8622 2115 1812 1543 2779 796 9505 2481 7805 202 4964
4 3187 9887 7383 7430
47 3216 4236 3258 1670 8118 3682 4966 3442 1260 9462 6710 2770 6446 5512 3777 2061 7268 972 4019 7282 4612 2019 4986 8436 7491 9716 4146 6492 8843 226 3329 7168 1394 3965 797 2476 1586 7897 7342 3157 749 6358 8792 8585 7921 6142 2217
24 4052 2297 1442 6516 3347 1760 5022 1004 5742 8235 5788 7454 5518 5155 3838 3141 181 3993 4600 7008 2850 1946 7907 4644
46 4935 7186 4338 4660 7922 6961 7867 2144 6322 3731 8754 8442 3871 3489 4004 2832 8391 5533 2188 3246 1406 2114 2220 9877 2034 5040 6315 6039 424 9195 9142 8600 3338 5814 2856 8243 9953 1815 7411 2749 396 7900 8062 2249 6055 2338
13 8598 666 2323 1923 682 3651 5739 2937 1193 400 6188 4665 8047
22 681 8595 1512 4632 5529 5127 7279 9772 4587 7158 5682 2129 9753 4465 3912 3785 4241 1309 4591 8769 2606 2790
35 4189 3827 1675 4193 5071 4726 7305 4657 5124 1618 5869 3251 3568 2882 1819 6323 830 7273 6839 7710 8822 1561 668 3689 5190 5624 149 6251 6818 8068 4380 8105 5257 2810 2480
10 102 816 5049 5069 3339 5881 4219 229 3716 73
50 6428 3155 5388 6931 2954 1192 7894 9636 1644 9761 5990 3346 7800 2337 425 9854 6097 3144 9720 4047 7355 2397 6213 3368 729 2704 264 6629 5026 4525 3319 9998 9922 7283 8161 6346 707 6108 7389 9514 25 6339 7281 9947 6303 6883 3062 7806 6179 7272
35 7849 6190 8983 1746 5855 6815 5654 6304 8285 1222 9975 5439 1081 4520 4178 868 642 292 2859 3011 580 3026 9252 8295 8614 2425 4865 3473 7832 8839 5061 1357 9744 7562 1628
48 5835 671 1359 1196 8969 8566 8324 5612 357 3266 7870 4298 6205 6296 5384 5597 5983 2808 8035 6486 2657 6873 751 9355 802 2466 6403 4118 1720 8563 5444 6333 2366 5328 8344 6917 8188 8576 3112 6761 2510 9347 4683 3366 4923 6061 496 519
5 5482 7735 626 9695 6093
43 9106 2823 7297 1437 6640 6970 1822 3367 7667 7203 7117 3604 3100 5769 8123 5601 9575 3817 3723 3672 3409 2364 4482 4706 9779 5778 8524 6401 346 4075 1031 2694 5629 6916 6308 677 1655 1323 2594 9544 4014 7911 3232
44 8044 3210 6610 6765 3598 7351 5826 2555 9835 5951 8159 1389 4658 2314 7809 213 3888 1416 6594 6078 7932 1224 5495 4372 19 3282 2958 890 1381 1232 5792 459 6103 6431 6201 4271 8981 3601 9987 3101 3305 8268 4097 3436
2 7138 8995
50 6570 9417 8434 1066 2305 5298 1241 5144 555 2673 1322 435 8263 1895 6277 1011 4544 997 7838 4825 7300 2235 8814 1249 6624 8610 5662 4149 5001 1950 2702 5977 3337 4854 6165 1475 4971 9036 5300 3163 9978 2885 7192 172 1071 9358 1345 5204 8465 6627
43 4467 3833 4807 9268 1515 7176 7327 4282 5177 8251 4174 472 1694 5329 3982 3356 9833 7388 5427 376 5800 7088 5095 8860 193 5174 5810 5498 7027 8303 9566 4211 8361 6855 8179 4366 7713 7807 5054 1739 3285 6730 3399
49 9413 7313 2524 3322 1608 8701 4314 7406 456 7915 4134 4190 8783 3532 3774 7942 7802 5963 2076 5411 3317 7077 2204 9707 3896 8031 5622 1673 9021 4648 3056 1471 1252 6381 4508 5892 6158 821 2434 5560 2691 7152 1634 6311 8891 8784 3918 5836 7936
26 3491 7299 9297 7889 9653 3378 7262 1043 6132 1569 5743 8229 2074 3257 2109 7717 8779 4666 6921 4981 2189 6633 119 3159 2630 4576
41 6430 862 457 5898 2472 1049 8237 1681 6985 2260 1630 2780 3241 6684 2817 1504 9666 9122 2462 2309 7189 2319 7357 1201 6549 3189 8354 2438 6840 8716 3224 9221 4664 5391 3710 9023 6184 8771 2530 3021 4188
41 9168 3860 476 7439 1036 3867 6275 5713 4393 9494 9184 107 4117 7078 1971 9376 1226 4564 5488 239 5730 7737 255 1240 1702 2598 3012 7255 9298 5995 3002 7512 8045 737 8002 6447 624 1327 3829 9556 4171
18 6229 1415 3119 2087 307 6528 5923 4285 1355 8881 6592 9306 9167 1869 8788 2095 717 9710
9 9159 3902 7191 5263 4195 5705 4030 4307 7441
12 2870 4753 5865 2876 6030 8540 1890 5416 2101 2258 8958 1784
44 3873 482 4246 3911 5345 16 4926 9752 6727 9456 5784 3195 8441 8627 4388 7812 5035 8260 3407 1915 3314 1650 412 58 6483 9588 3662 5239 5755 9965 6297 5264 1529 4296 7128 7595 344 4682 587 6266 4422 3769 9827 7690
20 4065 3899 9685 659 1803 5267 7945 7145 1527 6335 2812 4337 1939 378 2487 1672 8945 3334 5320 8636
9 3636 4349 2152 6095 4013 4324 9623 1974 4721
44 2584 9435 4980 7668 3783 3741 0 4083 6584 8593 1837 546 54 2913 8145 3121 9434 6272 9217 7363 9430 8283 1876 8667 8336 5773 3261 3569 3077 5893 579 4968 6848 8852 6534 4411 3717 5950 9904 5859 8387 277 5033 1154
14 4182 7855 8740 6623 1275 3763 9095 1795 9489 4948 164 2232 383 1620
48 577 2163 281 9459 4442 1758 605 6554 4323 3079 9183 2613 7993 974 9056 2030 4223 8755 7056 909 7696 8761 1830 9668 6530 6376 8758 1645 8420 2362 9088 7786 6144 284 4209 2824 5091 3729 4367 6828 8559 12 2716 9444 6240 4419 9558 592
42 2717 5798 3181 182 9743 1140 1465 4933 15 2106 3669 6359 3480 841 789 2320 8358 3506 4316 3435 1972 4603 2730 3894 4669 981 407 9469 1346 6045 1955 6685 9028 4675 8719 7902 8169 5232 8043 621 1263 4698
36 9371 3452 4122 2777 5247 4151 3139 4175 2279 3949 9223 6057 5556 9059 8541 290 2799 4460 4732 8437 5766 5974 7860 5994 8135 4335 5790 2379 5186 7208 6394 9386 6118 5363 8408 4409
35 3831 8267 3665 1330 5537 4717 5578 4127 3955 2044 5080 3778 4578 1856 1392 2287 6521 2695 7438 2449 5745 9684 5452 2374 6661 1686 1281 4877 5711 6041 2902 4586 2386 7021 2107
39 4891 7662 2293 3764 2394 4183 851 8067 7811 8347 5137 6646 1661 8254 2225 3458 3047 4470 5692 6083 2272 4441 3475 8704 7904 3294 6636 7461 3066 2964 1209 8100 4841 3664 3474 3633 4771 6164 9346
14 4768 4830 7026 5456 8913 8532 2728 689 6630 1872 8318 6590 4266 5352
6 1566 8730 6214 7380 3781 9956
38 8078 8440 4765 1779 5310 4227 7865 8791 1888 9338 8700 1118 5603 3484 6224 5000 9466 4132 7532 1103 2540 5775 2658 6768 3596 9480 72 9532 8612 3793 4859 1110 5873 4352 3645 8132 3188 2497
15 1717 929 9913 8850 2599 4034 3009 4628 5478 7538 2908 9182 8793 8874 8493
15 9191 4616 8136 9879 5140 5016 1378 6920 427 7731 1079 6626 6680 3808 3143
30 7653 6980 5492 89 1614 4386 309 4639 8746 956 117 2194 7468 8603 790 3925 1395 76 5834 1176 3730 2428 1451 4317 1054 8759 8497 2181 4404 4618
41 4611 2648 8073 2693 4185 5343 3648 6385 9035 6191 8552 5290 2121 6024 8007 6772 4332 9570 2821 4059 1654 5272 4498 4826 9644 5421 4245 8209 3070 2284 8393 2638 859 1404 3779 1967 9293 1607 4962 4037 1635
9 3922 2803 1749 38 7213 8659 6178 986 5664
26 8858 3025 5967 5564 7394 9408 4623 7999 2333 4595 3394 3736 3924 4755 712 9063 7754 6838 6577 8409 2904 5712 5050 5930 6088 8629
45 9888 2169 3582 462 1239 1787 8381 385 6817 8349 9327 2552 7847 5412 1163 6085 4215 6749 8109 6426 3674 9830 1537 324 3088 5799 761 7067 7170 7193 8738 9691 1297 1546 8542 7332 8117 2448 3092 8317 9968 4339 7747 9204 9604
37 5254 1660 9136 2442 4091 7982 6138 2474 223 781 6114 3585 3646 5718 6365 7212 7673 2945 5957 6739 8674 672 3809 5902 2421 4485 9201 2328 2990 4228 6532 7223 4674 7850 7422 6121 8618
33 8141 6197 5156 5115 3746 2930 2912 4096 8564 883 3984 9853 3167 7462 2028 4519 844 5477 7558 7626 5825 1910 875 5099 8735 6047 2934 7055 8940 5819 9576 7518 8750
20 8786 7566 3533 9646 9042 2570 2253 4152 8072 3722 5619 6522 5223 1730 1555 2955 7473 8878 741 322
30 586 4474 656 2482 8885 1174 9808 1530 2949 112 5248 9553 6938 1246 2639 342 5494 4022 1162 6583 8818 1951 1287 5110 5870 7553 7004 2668 1864 7652
43 7576 6543 9850 7695 8204 6123 5693 8320 513 3203 8649 8469 5403 5366 8147 3548 1214 855 406 5820 585 1598 9011 381 4847 4572 3690 2515 1234 7530 1827 4210 3995 4039 8203 9353 9148 6637 7029 5774 5029 1099 2980
28 8424 7760 8472 3693 3228 1548 8512 2984 1774 7882 2015 3400 4843 3004 4534 2684 7964 3976 4253 7686 8342 3023 9301 3841 1347 2567 2105 501
48 7883 9288 1807 487 6234 9076 1025 949 2439 7467 4809 6312 670 3176 4888 5906 4401 8907 5828 259 7321 8807 153 6220 1469 8028 1763 3125 7079 4451 4987 3788 7874 4007 9062 9399 5932 3542 4255 8823 3909 7166 8880 7261 8928 9841 3375 6588
27 8220 9091 3684 3250 2219 4438 3359 2492 5043 3263 1180 1984 959 5141 3823 4463 6593 6782 3450 6745 2537 8244 7214 2291 7362 3554 5486
15 1574 7329 1976 5534 7367 571 8651 8933 5218 1944 9240 2601 7038 1545 8602
41 3590 502 6922 7721 7572 8050 9272 1932 3745 7693 8728 5023 8668 4728 8222 1695 1097 4423 6757 5727 6611 4700 2111 4493 1502 9017 8198 4670 6568 9275 423 6926 5709 7440 4416 7604 1762 4346 6762 7697 9914
1 2265
40 3511 4949 8432 9224 1250 5436 3332 3225 541 1433 8876 8588 4095 7816 9110 9092 6367 3415 6337 3003 1142 6998 2631 7676 8155 9144 2192 9009 5626 1814 7594 7687 828 2778 2907 6722 3957 2901 711 9478
41 8946 8820 9773 7022 9665 6866 4745 4017 8289 5382 5036 2986 7059 3834 5579 3449 5761 7344 2464 8597 5746 2798 7248 3325 4202 6900 7098 9000 1722 7302 6909 4850 8174 3015 7164 6667 4590 2380 9349 9995 5987
50 719 7633 90 4067 5751 3126 5181 9625 5744 6007 7872 1012 7405 4831 9126 3813 5413 4440 2935 7560 5063 2743 922 7276 2077 7013 3512 6334 5884 1780 2026 6863 3252 3395 9357 4024 2875 3627 6602 2294 5996 651 7386 1820 6028 9383 9645 6390 1773 6065
29 4466 9526 9654 6449 8721 9303 6829 8255 7557 5104 3657 5648 4555 4557 4752 1903 4894 8692 9226 8664 7391 4287 7508 6159 1295 6094 4897 4605 9770
46 9180 2086 8273 5086 7980 3703 8569 80 6793 980 1233 6586 2120 564 8661 8775 8842 1308 8621 5695 86 1391 1169 5614 536 1652 2592 1970 1335 9493 1859 6548 823 8192 6907 7616 7791 9778 4947 3816 953 1399 845 212 7134 5107
35 1999 8851 2680 9436 8483 5508 4782 6997 9072 5162 5306 4925 4943 3920 8990 5594 5295 3293 4868 5463 9807 1844 5623 9313 5824 2566 4505 2063 5882 127 574 5372 5002 511 5738
2 9014 8909
33 2209 8128 9166 8286 6463 1520 1398 7177 2775 5052 690 3858 190 3500 5523 6666 7243 9029 5770 6581 6352 9736 2759 559 3344 3073 5037 6009 9981 8626 3549 3445 4731
10 1579 6154 8415 3333 4217 9073 4476 2053 8968 9380
21 5832 8085 286 1060 4088 2263 2396 4715 6538 7660 8182 3794 7275 644 7443 7846 9845 4918 7058 2372 5409
7 7426 7151 2049 1604 8634 7464 9795
27 6507 5703 27 4390 6510 1321 3065 4420 57 8926 3470 1050 3193 3419 8495 7684 8459 7780 3935 9114 4620 4012 983 1728 4708 5470 419
41 3709 804 665 69 9702 779 8693 706 9856 2096 9107 1836 3887 8944 5793 4882 2610 1244 189 2903 2981 6072 4072 9214 335 5628 1216 7083 5164 8930 4234 8557 4569 3483 6209 5665 5196 31 4913 2957 1397
20 5014 4581 4878 1339 9227 5129 1926 4622 4250 6868 5610 9955 1917 3803 6944 3078 4921 5701 2720 1489
3 820 9814 2815
45 4078 8039 1038 5771 2813 7638 7244 8906 7519 6348 9678 232 5857 3297 7880 5302 3018 925 8466 4130 9728 9057 5332 6192 4161 337 5373 3370 3089 8705 4333 1902 267 9608 8929 7306 4369 1449 7413 1629 4237 8640 5418 9255 2423
22 1826 3704 6720 2692 6963 2227 6058 6789 9521 5094 8729 1570 7139 113 4222 6408 1396 47 3345 1184 6498 1551
37 327 3815 3179 8919 4500 8689 3280 8859 911 3456 4919 7043 1498 7130 5786 6134 635 9513 7365 1584 8643 6875 454 6984 8064 9132 9369 2729 374 7551 3239 9517 6901 7741 287 696 7502
33 3766 8246 1424 854 1410 9785 780 9115 1282 1593 3486 106 9267 9153 323 8215 3298 4002 3795 999 6617 4596 7879 9676 2650 818 5936 9099 3583 5915 1665 7049 7796
13 6950 1204 1051 906 1855 2339 1612 5592 8191 1003 1962 7242 2534
32 78 5756 3882 4931 5045 4140 9158 4601 9448 1461 998 3067 6977 64 6249 1565 1087 4663 3966 3523 2575 7465 5776 4038 6077 2257 8018 9698 6798 2467 9918 4821
33 4141 8299 1191 3681 7358 3903 676 2201 6822 343 7412 7097 1852 7522 9857 67 3124 1353 6119 7630 3376 8023 1931 7732 6788 9199 3749 6886 3591 3655 1017 4705 5548
17 3123 9635 2933 9263 4355 971 2644 8897 1905 3108 3211 3978 3641 6396 7217 4305 3776
43 654 625 3482 227 1407 3950 9129 5680 7436 4495 941 4116 484 8005 2274 2132 1269 3330 9529 1825 310 865 109 5782 8279 8762 3437 492 5187 3805 6760 9929 9337 7826 5929 4932 1208 2999 5789 5779 4364 3642 4659
25 4974 5535 3361 4944 1862 8950 9209 1225 1033 8491 8107 6734 847 6894 6934 4445 9146 6501 8556 1375 3943 1474 806 8879 3386
44 9925 94 4433 5528 2836 2298 6437 3558 6562 356 6344 373 8369 9332 2355 2092 6809 1621 1771 8787 7757 9483 9734 5056 4103 4654 923 8300 8403 1510 2932 139 8508 6801 9569 5445 6076 4297 6932 7089 6371 4256 6546 9969
40 7674 1833 2785 336 1772 3295 5258 6902 8423 261 4559 1290 2100 4101 5289 2316 3695 8015 4371 3401 4258 2708 4492 1403 4085 6443 976 246 6219 6641 6805 3045 2264 7280 480 3668 7837 6157 9431 7899
37 4523 8565 3987 9984 6519 8831 5506 5253 5861 5133 9921 8214 5309 8931 2033 9414 5909 7586 3180 5737 1977 9077 3184 3754 326 5078 3792 4216 3206 6467 6281 7666 9886 7319 4866 5240 1921
22 3387 2156 4716 2166 1138 43 3420 8848 4640 5821 6824 5547 4774 2116 9628 7247 8185 5330 512 2324 1887 7500
26 2417 2864 328 2649 477 6284 9310 8458 1083 7450 4504 5169 2825 9651 6993 9389 522 5804 6545 2951 6758 9405 9597 260 5165 9932
42 7584 4447 5574 8421 4942 4486 185 9936 7927 5568 1683 6820 7906 3631 527 4402 7712 4617 3889 1070 1783 6223 2653 716 3408 608 4159 154 410 5172 520 4426 5571 8672 20 2308 9080 7843 6524 2620 3422 7534
20 5777 9692 6600 1909 2736 3609 6846 5758 449 3971 2663 3594 8291 7783 8086 8212 7269 6089 963 9198
46 1641 1595 3878 8026 429 817 8053 1562 8991 8834 662 7356 2846 7401 9562 1557 5998 1920 5108 7509 5839 7233 9729 2979 4129 2972 8847 7570 6958 148 7160 9926 9682 1481 5765 7360 5017 6713 5985 516 3652 5375 7322 2157 2367 6479
38 1048 3929 6493 5109 3954 3455 4286 791 3804 1898 5315 2039 5355 1885 7493 4414 2757 2245 5688 7848 4763 2580 5338 2081 8923 7169 4036 3996 2197 4746 2938 9912 7968 1270 1211 6639 4111 6804
17 9189 811 8166 6402 3291 6067 4816 1202 7224 4267 8811 5660 8554 5948 7066 6133 1651
20 6423 2563 9727 2793 5653 288 6983 627 7249 6292 8711 3917 7777 7561 5911 7580 7955 878 8562 8939
14 1813 5336 5941 915 7458 7699 7575 2768 1740 9504 1344 6361 2525 8486
42 3423 6410 6681 1430 5499 3019 7054 6215 4444 5183 3989 886 3315 2412 2699 9370 5817 9261 5606 4213 3102 3535 1013 5419 7103 7333 5335 2676 364 757 7892 5305 2991 6011 2866 2523 8011 3970 5635 655 6537 9154
27 602 1130 7096 3772 4996 350 2755 421 8697 5542 7149 3272 7278 8641 7390 893 3791 7039 6773 3147 3685 9279 6591 7199 2060 6698 7159
39 6808 6152 1956 3164 2221 9467 93 8022 2161 2960 6412 1435 1002 2946 4376 5691 7682 2546 2185 2187 2593 263 4946 538 4389 9896 5103 6193 4781 3509 5735 2529 6858 2177 9082 581 8360 5392 6148
7 175 7006 3765 5886 7516 9079 4186
10 7995 7539 5889 9819 6317 8535 3354 8443 2783 6632
40 3875 436 5934 928 7481 7985 6313 7715 8500 402 9892 1821 6162 3675 8877 2943 9502 4873 6378 4081 6484 1853 7075 7779 9630 7221 6649 2029 7350 6035 7825 3969 9834 7182 8449 5981 1878 455 8918 5489
13 1572 5233 6597 2384 7976 4629 9777 5224 590 8454 6212 8292 9851
29 3440 4989 4757 1590 3278 1053 5972 604 7124 6851 9560 8720 3432 7628 9639 6194 3087 3713 8606 3946 6660 7478 5092 3589 8151 8819 7555 2659 1199
27 9601 8372 7787 9756 9797 3264 9612 6113 2358 8681 5201 4394 4734 9044 8993 7330 2931 5420 6674 8455 5611 3771 3390 4160 3942 5346 6166
40 9282 9718 2459 7890 663 9980 3755 9406 4672 1767 204 4997 4489 3892 2325 1960 8752 3759 2761 9256 3152 9876 9050 8534 583 2321 5060 4604 6247 2750 3933 3200 9377 4790 5337 4762 3467 4516 9873 7341
38 4119 7511 5349 1505 7769 3186 2057 4221 5303 3243 5496 7024 6233 8652 9090 7824 1585 4835 7836 8319 180 5246 3031 4886 7940 7198 3307 5316 9905 1995 7647 6490 5747 3226 7654 8898 1637 8311
47 934 8183 4797 7251 4458 9286 6283 6421 5318 4302 5167 9898 1253 4885 4363 8330 3194 6693 8448 9655 9365 8334 7919 9935 5299 4378 183 8707 1789 1578 1656 7632 7582 488 2773 3673 876 7998 640 7711 6415 3607 3962 5970 2786 8816 973
29 746 8927 1751 7648 2350 5148 8498 2043 6466 1581 3162 6054 4405 7640 3140 8806 317 543 8104 661 485 3614 6002 6654 3355 7789 6810 6625 7649
43 1965 1560 2051 8910 813 319 760 9675 3158 6567 615 70 4374 8976 9249 5894 4583 8886 3175 9390 7853 7888 2445 9596 6288 6759 7495 864 5563 4528 3358 1497 3688 7505 8567 2718 1975 6988 3840 7926 6842 2016 5674
27 2851 1007 9548 1708 1494 1453 4112 3837 887 5340 4056 9518 1733 3397 1922 6066 5381 9977 6141 1626 638 9030 9463 6496 2456 8470 1177
6 9111 7704 6245 7042 3201 8083
12 2805 3505 1285 1983 5999 987 6606 1092 9908 9952 3020 4295
40 6042 6000 1969 7408 1592 1245 2331 2289 2892 8150 3262 7328 7009 228 2686 5720 8124 2581 775 9427 7129 6487 2988 1563 3566 5469 8059 7862 2089 3577 5575 2427 6688 1947 6867 7804 4940 2879 9941 7326
28 5046 5583 7014 6258 968 6790 3898 5949 220 4673 1151 499 5084 9339 6878 3132 8901 8223 4113 1073 7433 8496 3342 9519 7017 298 6541 8510
27 13 5645 6699 9804 3518 2747 2873 6452 675 2762 6409 2917 9663 7274 29 8485 735 6769 894 8845 843 9927 7817 2349 4235 5044 7917
25 8551 3701 5472 2244 7798 2239 7147 7679 393 5228 5850 9880 8812 6230 6472 4262 2547 2050 8813 2416 9287 664 8422 367 7378
44 152 9360 7030 8481 6655 8841 7295 4573 9027 4145 2919 1792 5238 1647 8505 9677 5347 7404 8426 231 8341 6540 6432 1828 4043 2229 2118 508 6270 28 5762 6342 9789 9903 6499 8810 7991 5231 4197 9869 7965 3059 6596 9418
9 9155 7781 3856 1113 1860 2140 9836 9790 289
21 9049 8590 554 128 7636 7230 6237 4018 4304 5706 5188 3335 4478 8645 6553 4413 6904 3287 5590 2231 7353
43 962 8406 4060 910 7581 896 1197 6718 7728 2295 7239 9477 6652 22 9994 4483 1301 2230 2011 4375 4147 3923 3269 1482 3477 8550 9325 5531 6628 6965 1710 4742 8138 657 8021 1388 2190 9680 7977 6823 2099 224 1911
20 5062 17 646 2259 9946 8580 3843 1514 5221 8985 8084 4905 2844 2275 8658 4518 8236 9697 3570 7207
28 8097 3300 7840 3465 4003 4263 135 1643 4443 7766 8507 6612 5203 1041 5437 7073 8836 5538 2398 9112 4291 3796 2959 1916 6947 7399 6173 9958
1 6424
32 1386 6488 4543 1556 108 1100 6150 3405 9719 1994 703 3348 9648 194 6329 3565 6225 3058 6454 4696 924 6471 382 3963 7126 7196 5958 7881 5236 8571 2602 3369
40 1753 4994 5938 598 8699 8460 7869 3254 6690 1688 3603 1460 9750 609 3812 1146 8348 9609 8732 7778 8139 3884 2521 4842 3973 4429 2831 5663 4173 316 2978 6260 4531 9900 4437 3083 9330 6942 2791 4361
43 4322 6102 9640 7180 1276 7087 6676 2450 9495 1759 6160 1039 4292 2763 9412 6552 2495 683 989 8148 9616 2888 6714 8837 6712 7225 4023 9897 3738 1438 9479 7567 9364 1718 8032 2709 497 9474 4793 561 6561 977 1648
45 4071 8653 2332 5171 6005 6657 2018 7891 380 4938 4432 2595 8511 9812 8284 4136 9179 3136 1642 8149 9796 4373 938 1567 8867 649 8804 2022 5288 7821 4102 6370 9849 6139 6887 1580 892 1509 6203 1464 5317 2431 5007 4789 3767
16 8315 7963 7646 8473 4626 8173 8079 2619 5589 732 3459 6222 4412 6673 1727 2585
39 1769 1067 2228 273 2353 7637 6515 1431 7209 4435 3488 2977 143 628 5230 4855 1535 1456 5199 1611 6476 3433 6314 8312 2073 4563 3626 5217 8632 7228 3998 6366 1765 2329 4827 2075 2634 2611 4347
32 558 773 7494 528 3312 8264 5862 431 1692 6531 4723 2982 4902 1383 5880 6724 8082 9162 4786 4770 562 9541 4744 9210 9766 7788 2828 2067 7174 4585 9882 6246
38 2182 23 6267 2410 1098 597 6715 9375 5096 4914 5830 1796 8509 2413 4633 7656 4845 8276 5567 2806 4299 8304 9985 1075 4876 9319 4558 4121 10 1877 3661 5725 6153 2881 4643 1350 3080 7688
35 6669 1125 4785 6263 9910 1329 6814 9906 1490 3807 6996 7692 6462 9598 4970 904 5252 2929 5655 8997 9801 165 6372 1478 622 3977 5039 4593 2667 240 9113 5844 1136 9109 75
33 8099 9416 1123 6520 167 9407 679 4387 2322 1354 2175 866 4761 8355 5565 6106 5242 4035 2625 4359 348 8380 728 8521 1989 7197 9620 9045 8225 950 7178 8114 4678
31 7828 1568 9747 1178 8178 2637 9760 7939 1172 1044 157 3461 169 733 7546 7994 812 7627 6070 6290 8451 6273 4108 4631 641 5471 3697 5216 4063 124 6906
8 138 1824 3919 6374 3323 6957 4863 5858
40 6603 4805 3373 2752 4391 6753 3242 1340 4454 1839 468 1089 5059 6914 7334 4582 529 4992 2724 7298 1667 2251 2193 3213 7622 7733 3602 9528 7003 3945 3666 6458 5225 3352 8306 251 9863 9320 4274 1105
8 2993 879 238 8957 3110 6252 5106 3910
8 660 4260 9568 7219 4917 1080 6444 4739
21 2452 9791 6959 6168 9811 2906 3845 8663 8526 5079 6286 6738 5878 1679 1693 6069 1861 4168 258 8665 6082
24 9215 2698 8152 4773 8356 2940 7707 8193 2701 4788 9961 8679 800 1810 8723 7670 4064 686 3290 2465 6143 643 6450 5443
44 6392 8383 8017 8503 4006 7109 1220 1264 2801 2710 5863 2531 9583 8000 9006 1259 4579 4281 8857 140 9081 8883 3271 7172 1840 3740 7762 3916 8452 2628 5607 1107 9108 2302 5515 634 616 6305 3328 8037 6269 5227 7063 6014
23 9988 5555 5794 8624 3 5448 4867 9825 6634 572 174 8389 5757 1532 3545 5350 2122 123 4599 3010 9367 4199 5752
28 3256 9248 2352 1913 9485 7489 9437 2477 219 7876 7727 6183 4565 8337 428 2632 4598 1726 3853 9119 2341 8461 7181 2344 8800 7506 945 3032
19 7822 6770 552 8431 3099 3762 6662 9259 9374 6981 1685 4450 9064 451 3008 3540 6732 9802 4275
10 7937 1942 5532 7694 3560 7084 82 2036 6379 5351
40 7609 3169 2890 498 3324 8547 3811 8751 1659 6766 5522 5802 2373 1799 2184 6368 8482 1721 539 5426 5652 4549 7912 2447 4609 8921 268 6469 5754 2455 7469 8456 7101 4908 9277 5275 5430 1010 6821 9138
45 6638 2713 698 6200 9951 7698 2042 432 2013 2126 1794 2840 7605 4273 2247 8840 9737 2286 1622 3286 8967 7596 394 5848 8066 9381 9931 5468 3600 6514 162 4427 9205 5234 3426 5764 8219 9143 4811 2737 3030 3956 9015 3048 1766
27 1817 4392 4170 5914 9989 1440 4251 9954 4641 4334 7071 6862 7873 2276 8248 4546 6044 4776 9681 8175 6861 6940 2299 840 2936 3504 1289
41 445 4634 7222 8399 563 3855 6445 2499 3711 1219 51 59 3670 2826 2262 9311 6176 1458 7310 9197 1886 8425 5672 3737 5853 6949 6023 8340 3497 7263 1129 7857 2896 4042 8803 2514 8060 3404 1533 126 7348
45 7324 8468 9257 7496 5965 5553 3620 979 6464 3667 3997 3513 5274 4079 9317 5749 9173 822 3846 9222 7150 3393 1452 2010 3463 5827 6180 2200 7231 1523 8230 7366 7446 5715 3022 8302 3848 6325 1393 3760 3421 9573 3826 283 7260
29 3145 2000 5462 4824 4710 8584 1042 606 3644 1258 3429 2303 6872 3608 1889 2857 3127 6010 9118 5048 5075 9359 3137 9810 3576 414 5389 3880 9730
12 2672 7475 7331 5116 3623 2137 3836 2359 4795 6686 9133 3341
47 993 7337 6687 4751 2 6925 60 3391 785 908 4730 4975 134 9939 252 1986 4533 4689 9739 6665 2500 3061 5732 2527 6350 4232 8029 9776 1338 2164 9085 6043 4928 827 5684 3861 3947 808 3219 9582 2054 617 3161 1928 4965 8805 2451
43 2636 2847 314 9899 593 5360 8176 7110 5875 6874 7931 6276 5490 21 3494 6976 5905 8686 3321 2645 7114 7012 8578 7564 3499 211 9487 1743 1230 2641 9373 6080 7658 9004 1374 3687 517 9563 2848 8402 9724 8194 2507
42 9742 8134 3205 5587 6978 6550 2415 4542 4856 7284 7423 2897 4428 9278 1744 918 2615 9326 6075 7499 5447 9587 4812 4187 4991 6285 2787 7137 3526 8202 783 7048 5677 4020 8081 4619 8959 3468 3381 4767 2494 5255
46 8407 9740 4259 4169 8586 961 9120 5308 4530 2609 6112 5296 6328 9220 6015 9363 83 300 7830 5847 7740 8650 1719 5519 4819 4509 354 4860 8419 6604 6525 7420 8101 7452 6465 1583 8955 7730 6506 5734 2119 9829 2493 3913 4625 2084
40 601 1547 1160 7541 7592 7046 2457 5055 9970 3035 933 6456 8855 3849 7288 1029 1094 6706 5268 3343 5539 6512 5098 9509 8233 5636 2898 9656 5004 8411 9539 2483 4993 9032 1428 556 5845 825 5561 2436
45 4077 3104 3128 5740 3707 91 8873 1149 200 4900 9203 5119 9842 2924 1045 5694 7877 3622 9792 7739 4351 982 9564 4033 5013 6326 9174 801 5931 279 6896 4939 3230 9101 6289 6797 7477 2093 3959 3979 6442 8548 3857 7187 7162
14 9872 3643 5153 8438 1152 6995 8575 1639 5353 8572 5163 530 9231 8025
24 1109 3209 7720 618 1195 4070 7133 4861 807 5891 5283 9333 8157 9536 1997 6293 1682 6709 7106 5678 2059 2968 6898 7820
40 3877 766 9441 9131 3044 243 5090 9883 3166 9771 5417 5367 3382 2560 3753 2125 7795 9140 8158 4541 3615 3773 7550 5271 5961 8428 7933 186 4999 8363 44 3547 7050 4872 4998 8187 4956 4418 8392 7010
42 1938 684 408 6826 7988 8673 1657 3770 5074 7374 9420 8573 2948 1935 1459 8371 4098 9763 1636 7069 1511 8210 303 2660 500 347 8570 6081 8102 1966 1500 6619 9065 7125 9208 1881 5256 7938 6217 7270 1185 969
24 8090 8948 9820 2292 613 5640 1624 9005 7507 6608 3750 9859 4265 4326 442 8533 3940 4026 852 5736 3901 5991 1868 647
41 5370 3492 8657 9361 7752 7020 2136 6919 8687 1519 2867 7108 5018 6763 6780 4713 5833 9060 984 2278 514 8757 744 9758 967 7685 3617 9840 1953 5019 8323 5408 399 2498 8218 5780 6271 1503 5681 9343 3952
21 8546 9520 443 9391 8410 1342 2853 4194 5700 8433 9686 2046 4571 9285 6495 4680 637 6189 4963 7471 8799
43 5354 1846 2395 9590 8293 4858 745 6295 9457 4325 5704 525 2735 5584 6354 8824 3635 225 4343 9334 3514 2300 2206 4496 8133 1640 3852 9875 2827 1065 921 3726 1183 2883 5342 2393 3311 3168 371 7593 9296 8096 2103
4 3265 8339 3460 276
31 5955 6683 6117 7161 7416 600 1352 4128 9595 2475 9507 6306 2407 2113 9706 535 3967 658 136 2240 3221 1331 8058 8241 573 8916 5960 7903 2956 4539 4131
46 9328 2496 5669 3462 1024 5940 4248 2519 2468 6167 6994 901 9425 3683 9274 4163 3743 6287 1589 9300 1147 680 5135 99 8688 8200 52 9717 6110 8016 4439 3789 7057 9206 9335 5521 2104 4196 9134 8165 5729 7861 8092 6598 9527 9212
1 8644
11 4049 7402 2916 540 2767 5829 5714 3033 9864 4395 6744
19 3562 3618 2769 6073 8250 3537 1131 5637 2744 4016 4778 3357 8069 269 8010 2553 4270 4884 7492
24 4473 2526 4123 8108 8726 5435 9439 1194 739 6084 9067 6574 8208 3999 4225 7085 3053 9496 8388 695 3081 4881 2007 7641
32 3611 8170 271 4436 7579 5192 6648 3453 2998 4749 7702 623 7200 4838 4164 8947 272 1157 9574 1455 9972 2545 3084 4105 3936 1705 3289 3074 9100 7608 1778 5517
29 8724 1831 8798 6309 6388 1063 96 494 7206 7829 5816 2723 9429 9269 4220 8467 137 2162 942 754 2618 7544 1943 6068 4699 4556 518 7886 4916
33 9284 2629 3146 1069 8611 4092 8115 3974 4743 3446 6502 700 6226 3639 3204 7292 912 490 7314 7634 1332 2461 9225 7498 3135 197 7970 3041 1601 6755 4354 6974 5644
4 5262 9447 1809 7986
19 9594 2550 4166 5136 9397 8727 5446 8646 1725 5146 465 7291 3546 9089 6208 4277 2741 9312 1616
16 6791 9031 2335 4481 9891 3953 3702 1016 4817 9242 1521 7028 9461 1064 2739 713
35 5524 7703 6268 3313 9281 7672 4515 5497 4930 603 3377 5947 30 1457 4434 4836 6526 3638 9401 9125 9341 7034 9449 4912 8772 2454 2559 6784 7930 2357 6513 1484 6587 8753 6405
19 4469 6557 2914 3281 2435 5401 6523 1671 3478 4959 5582 8846 6972 9774 3024 3202 9847 6017 9700
12 5160 6151 5031 6756 404 837 3292 9147 792 2608 4621 4452
18 9194 3534 6509 3331 7845 3118 9302 6643 4472 2541 6473 7745 4647 2928 2255 8844 7949 1483
49 6021 2795 8977 9930 2506 3744 158 9537 4069 8737 4524 8914 6163 9885 5474 391 9087 3273 7785 4547 6386 7118 5450 2666 48 7184 5982 645 4406 6387 7428 6527 6307 9396 2688 6700 3980 6723 1086 4907 3493 8247 7100 1288 4058 5481 1268 1990 7368
14 9054 5557 8523 4306 2654 1516 3986 7195 8350 6882 3705 9455 5716 6692
18 3384 1062 1842 6635 7536 6707 359 567 345 4074 1963 6448 4839 2226 1117 7585 2246 9641
46 1187 8545 553 4769 3350 2048 5520 7144 589 8924 1238 9762 5887 8398 9733 4958 2513 1215 9809 6018 9458 9844 7112 9024 669 2315 9999 5631 4787 8056 5034 4269 9938 2764 6899 4681 6022 1800 4973 7677 5491 7966 1313 3403 2623 7456
46 8453 68 1205 9128 6973 1380 9258 7952 4093 3001 2745 4048 9324 5510 7875 9593 2643 1919 8538 2589 1314 838 533 234 9823 8401 5806 8034 1623 7943 1884 3365 4198 469 4484 11 1811 7618 2976 6503 4695 7729 6320 3038 7908 7756
43 2191 4066 7115 9787 5896 5126 1198 5596 2489 5312 2707 5012 413 532 3055 4823 9309 6174 9008 1171 318 9098 2110 507 7975 1058 2696 944 7548 8430 4462 3699 4319 4741 2721 8110 9041 9423 8978 2829 9860 1793 3116
36 1466 994 2841 397 6622 8239 3040 2738 4953 7037 9983 2539 8605 7308 4180 5962 9552 7238 274 6111 2312 3571 8116 3276 8671 5431 913 889 4615 6013 7107 4561 5507 6737 7533 2681
41 9561 3503 3471 5942 9632 5566 4724 5278 5976 5429 3797 7267 8861 331 249 4090 1170 5067 3389 4815 5394 3891 5357 3539 1748 2742 6122 1617 8127 752 1337 2261 2311 4840 8416 3931 9161 2804 2582 3107 6575
4 9440 9251 4480 1325
45 7613 548 1816 2012 3268 4910 2664 6481 7086 8756 5670 8478 5053 5369 9308 1248 5659 8628 8808 9247 4892 115 1701 1046 4851 4177 611 1613 3113 7823 7563 2997 1901 9578 4536 5025 1372 1633 1930 235 9788 5276 2123 2561 5666
48 8698 7175 5846 3383 9699 1756 8936 5102 2569 4514 8790 5759 8741 3192 266 6795 2802 8245 8815 9007 7072 777 1135 1517 4477 4934 2697 5493 3327 8367 4399 6020 6987 151 4849 3309 9652 3498 6053 2962 7705 9579 2345 368 4353 8180 5269 6614
4 8579 2202 6595 4803
19 6227 9662 9868 5966 3679 2756 6563 5313 3318 8970 3414 9171 3787 5364 9722 7490 88 856 3014
9 9858 9538 794 7142 8638 1676 4062 6918 3392
49 6330 8364 1468 7253 1863 9273 2085 8884 6485 132 8609 4969 9533 1411 7111 3130 4638 1104 5501 9704 8801 7340 7157 7663 2056 3983 6100 388 4693 7218 9671 8973 5602 2361 4029 4848 9508 4150 9124 3588 7463 5559 8484 4592 8290 824 1367 6413 9577
28 9960 596 7235 3051 6382 5244 5860 6262 3091 4566 927 8642 110 7472 2382 1262 339 9683 2047 8171 1286 3714 8457 5979 8405 1019 2905 8088
42 1143 6796 6890 4802 5483 1124 4834 5307 6566 8494 6854 1603 8974 5189 8131 2891 5818 3975 9216 5259 4294 8288 9295 762 7023 2112 3485 748 9245 6852 8326 6702 2072 8777 5813 453 5849 1678 4707 2952 5690 6051
21 6956 5209 544 7384 9606 9175 6979 5301 2989 8655 7036 2760 1206 7554 1126 6182 7948 6742 1382 4614 2740
16 1599 3696 3267 6551 6395 6971 3156 4736 4691 5314 1158 9916 5698 5365 5988 5823
8 2766 5195 3519 850 9454 8549 6966 6731
35 8184 4303 7946 8971 702 1390 4408 9165 5683 4231 5424 8463 1882 2233 4588 7455 5322 2725 1723 5791 6948 4511 2576 1892 5202 6048 1536 4570 9046 2690 483 1649 1159 2347 9472
25 2146 8027 1835 9817 8445 4005 738 9229 4377 1525 2207 7835 5222 4124 7767 7400 5811 907 9490 9160 6253 4829 6398 6743 6282
45 8607 8052 3417 304 795 3443 9356 9315 8488 8506 3185 5822 1020 168 4941 5550 6813 3839 8938 5073 1294 8338 5214 5546 6991 7081 9262 9465 3621 9693 9026 7434 9649 2363 1328 7714 9557 7517 7617 6377 3138 1638 7537 9163 4300
35 2830 6888 747 3064 2430 358 3508 3402 6927 7958 2520 8278 6063 7258 3220 475 6837 7758 3814 4893 5422 1741 4911 6682 5641 7571 1078 9013 614 632 1714 2203 8660 1486 2516
8 5147 6049 2918 9235 3182 74 1121 1242
40 5673 7061 9622 8001 9084 409 2009 4204 5064 1182 2124 6115 387 1261 125 8675 4120 7271 1832 3567 4244 5464 7476 2402 6589 5871 4308 206 6694 898 1061 7289 2214 8712 3663 1540 4540 6952 4747 8385
39 5325 3247 7397 61 9039 2141 3557 9322 8266 147 308 7296 1127 2542 5100 8988 5438 7104 8915 8140 6321 4080 2108 7437 325 248 7447 9239 7819 4772 4729 5294 1305 2776 3958 4832 1738 8351 85
14 2381 275 5324 9470 5675 7744 6572 1680 8677 7068 798 7941 4985 7005
27 3198 534 5334 6819 7864 873 5783 5912 184 5457 2068 7122 2647 4456 9233 4226 3495 6841 1571 5541 5205 8866 5980 9901 5362 7211 1528
2 9764 8903
38 3288 1896 9484 768 6500 1770 8617 2052 2887 2389 5118 3893 861 9800 8560 8362 7385 4955 6079 834 2133 7093 4499 8795 7716 2486 6517 7967 2285 9291 3208 6356 2706 8953 2306 1875 1791 9837
45 5801 405 1712 3302 4896 2614 931 1257 6746 2429 8111 975 8828 7755 5900 4684 2426 3563 5689 6951 3502 9002 2939 917 2326 3129 3869 9070 6853 4837 4806 1476 7092 6986 1841 1790 1470 652 5344 4735 3072 936 265 3876 5723
18 6257 523 2411 6689 3222 7127 1400 853 4203 9086 2669 2160 4783 714 2248 3196 8376 4895
20 3240 6912 3881 7910 939 5390 1028 2538 5856 8760 4844 2502 1034 799 9010 2551 2342 95 8190 5643
27 7205 1691 7871 6928 9559 5105 2484 5989 1366 8868 8 6937 5414 242 6254 2437 8112 9170 4688 1798 3457 8501 7852 8412 7718 8314 6207
34 1030 9957 2640 5781 1000 1444 3131 1128 6941 1761 1968 1137 7556 131 3418 2568 3085 1732 6964 8869 7051 3597 7113 8065 4176 6751 4320 2478 2094 5685 1550 5513 3529 900
7 2091 8504 6729 8797 3659 4577 7415
47 5383 6754 2399 6620 1429 5251 9874 1095 9803 5916 6389 9986 4575 9658 4158 5121 8213 3191 2148 5198 6060 32 9923 7587 5356 3886 9040 8310 3824 1850 1992 2880 315 6455 5319 2865 5719 2383 3527 7121 8979 5215 5161 8744 7294 2296 1363
51 7794 6785 1805 3316 3172 4607 5082 2218 8257 1865 3439 743 8316 1883 2083 9690 9500 5327 9871 9372 8435 1870 5808 3801 4471 9232 6786 3650 1088 8333 2910 5038 8537 8608 6064 6019 7311 6679 7252 8902 7052 3842 8146 6783 3653 3985 5432 8539 7568 3634 6172
9 7179 687 8513 715 4021 6849 7429 3095 8020
48 1573 5503 49 7060 3524 4976 4082 1677 630 3587 926 2318 3865 1207 8499 6318 8296 1747 5024 1102 2165 6375 3096 2508 2387 2290 6877 7143 8444 3372 3029 433 7913 6733 7301 2612 9572 6832 1958 253 9244 1446 9452 1150 6969 2587 9510 6491
49 7132 6062 5973 3260 3476 3735 653 3411 2167 236 7878 3520 3544 6740 5763 9889 7336 8943 545 5405 8956 3543 9694 2893 1413 6644 8972 1848 2070 5123 705 3245 5194 3097 6834 2471 9379 9061 2597 3424 6324 730 8077 8272 9615 1473 8216 2719 3082
46 9246 726 8870 2604 2469 3306 9384 2966 9540 1009 5396 8528 3304 3105 9368 7771 8413 116 1280 8094 6544 7953 6895 4488 5479 2564 5899 8119 8156 2662 1940 201 2196 142 1912 2336 5728 3111 5795 8164 990 5543 4257 9410 9192 3810
2 9038 7417
30 8502 8234 375 1588 610 4597 7866 1302 8322 5843 3637 7925 8008 2020 2066 133 1914 6670 6362 6726 9169 9551 7040 2271 3142 176 2035 3874 4537 5785
48 6982 5008 8934 4068 6092 9669 952 1217 4278 8201 2771 177 3234 1980 4898 8889 1709 8335 5890 6719 877 2082 4551 6147 8908 1173 7803 8702 9567 2453 5139 3217 401 8071 7818 8965 6569 4927 3859 8782 4580 2911 2273 4791 1851 8683 3006 4331
5 1492 9974 9097 2138 6764
28 9688 188 4099 9378 2343 8966 7488 1412 2242 7369 5176 3678 7062 1256 7032 3490 9116 237 9135 568 1068 4207 101 9071 8589 9403 8887 4329
1 5326
36 8669 2583 1768 1014 7449 8282 9627 6844 1093 6105 771 7338 7316 4457 3212 620 4833 6651 954 3806 2683 7725 3525 3301 9409 1161 7808 9709 7141 6127 9944 4725 9102 5933 8474 5558
3 3756 2947 1218
8 2517 3775 7116 8439 3610 970 3541 996
42 9445 6671 6461 5476 4279 6910 6677 5726 7259 8249 4889 9270 3398 8894 2651 3515 8106 403 9068 5581 2549 254 6802 4780 100 7573 7956 5620 9715 8287 5341 8690 2491 1957 5386 860 5926 5609 9580 1522 9404 8009
24 2765 1247 446 3149 1278 1554 3536 3757 8900 4924 2665 1273 9105 6913 8357 7665 9193 1479 3214 1119 41 2008 9388 6650
47 5130 7395 4503 6003 5128 6427 7393 141 6236 6675 3481 1360 8253 1908 6434 3174 2877 7549 9501 6345 914 693 2872 6653 9066 4094 4162 6336 1291 5616 2023 4233 7293 885 5358 2987 6 9878 77 7858 6052 8582 1891 7772 8240 7165 9982
21 8121 7015 8080 6416 5387 2479 2212 4983 6618 1804 3619 5376 8518 8004 734 3850 4243 5699 5768 6206 2014
39 4501 9243 7552 4311 1737 2746 4309 7201 9571 5639 9781 1610 7651 7409 452 384 5191 8095 1057 650 2128 8271 2045 6140 7372 4073 9402 7895 5657 7523 4360 8695 9542 8195 340 2925 4635 3531 5211
